#
# A fatal error has been detected by the Java Runtime Environment:
#
#  Internal Error (classFileParser.cpp:3375), pid=8671, tid=3078835056
#  Error: ShouldNotReachHere()
#
# JRE version: 6.0_20-b20
# Java VM: OpenJDK Server VM (19.0-b09 mixed mode linux-x86 )
# Derivative: IcedTea6 1.9.10
# Distribution: Ubuntu 10.04.1 LTS, package 6b20-1.9.10-0ubuntu1~10.04.2
# If you would like to submit a bug report, please include
# instructions how to reproduce the bug and visit:
#   https://bugs.launchpad.net/ubuntu/+source/openjdk-6/
#

---------------  T H R E A D  ---------------

Current thread (0x09d8f400):  JavaThread "Unknown thread" [_thread_in_vm, id=8676, stack(0xb77e4000,0xb7835000)]

Stack: [0xb77e4000,0xb7835000],  sp=0xb7833800,  free space=318k
Native frames: (J=compiled Java code, j=interpreted, Vv=VM code, C=native code)
V  [libjvm.so+0x649437]
V  [libjvm.so+0x649681]
V  [libjvm.so+0x291f0e]
V  [libjvm.so+0x291f89]
V  [libjvm.so+0x225556]
V  [libjvm.so+0x2287eb]
V  [libjvm.so+0x5e4159]
V  [libjvm.so+0x5e4b42]
V  [libjvm.so+0x5e4f24]
V  [libjvm.so+0x5e5f00]
V  [libjvm.so+0x5e5fba]
V  [libjvm.so+0x5e6045]
V  [libjvm.so+0x5e60a6]
V  [libjvm.so+0x5e6183]
V  [libjvm.so+0x5e6479]
V  [libjvm.so+0x62598f]
V  [libjvm.so+0x62639c]
V  [libjvm.so+0x358118]
V  [libjvm.so+0x61184c]
V  [libjvm.so+0x39182c]
C  [java+0x2558]  JavaMain+0x88
C  [libpthread.so.0+0x596e]


---------------  P R O C E S S  ---------------

Java Threads: ( => current thread )

Other Threads:

=>0x09d8f400 (exited) JavaThread "Unknown thread" [_thread_in_vm, id=8676, stack(0xb77e4000,0xb7835000)]

VM state:not at safepoint (not fully initialized)

VM Mutex/Monitor currently owned by a thread: None

Dynamic libraries:
00110000-00263000 r-xp 00000000 08:05 1311524    /lib/tls/i686/cmov/libc-2.11.1.so
00263000-00264000 ---p 00153000 08:05 1311524    /lib/tls/i686/cmov/libc-2.11.1.so
00264000-00266000 r--p 00153000 08:05 1311524    /lib/tls/i686/cmov/libc-2.11.1.so
00266000-00267000 rw-p 00155000 08:05 1311524    /lib/tls/i686/cmov/libc-2.11.1.so
00267000-0026a000 rw-p 00000000 00:00 0 
00503000-0050a000 r-xp 00000000 08:05 925185     /usr/lib/jvm/java-6-openjdk/jre/lib/i386/libzip.so
0050a000-0050b000 r--p 00006000 08:05 925185     /usr/lib/jvm/java-6-openjdk/jre/lib/i386/libzip.so
0050b000-0050c000 rw-p 00007000 08:05 925185     /usr/lib/jvm/java-6-openjdk/jre/lib/i386/libzip.so
0056c000-00590000 r-xp 00000000 08:05 925180     /usr/lib/jvm/java-6-openjdk/jre/lib/i386/libjava.so
00590000-00591000 r--p 00023000 08:05 925180     /usr/lib/jvm/java-6-openjdk/jre/lib/i386/libjava.so
00591000-00593000 rw-p 00024000 08:05 925180     /usr/lib/jvm/java-6-openjdk/jre/lib/i386/libjava.so
00619000-0062c000 r-xp 00000000 08:05 1179846    /lib/libz.so.1.2.3.3
0062c000-0062d000 r--p 00012000 08:05 1179846    /lib/libz.so.1.2.3.3
0062d000-0062e000 rw-p 00013000 08:05 1179846    /lib/libz.so.1.2.3.3
00718000-0071f000 r-xp 00000000 08:05 1311554    /lib/tls/i686/cmov/librt-2.11.1.so
0071f000-00720000 r--p 00006000 08:05 1311554    /lib/tls/i686/cmov/librt-2.11.1.so
00720000-00721000 rw-p 00007000 08:05 1311554    /lib/tls/i686/cmov/librt-2.11.1.so
0082a000-0082d000 r-xp 00000000 08:05 925188     /usr/lib/jvm/java-6-openjdk/jre/lib/i386/jli/libjli.so
0082d000-0082e000 r--p 00003000 08:05 925188     /usr/lib/jvm/java-6-openjdk/jre/lib/i386/jli/libjli.so
0082e000-0082f000 rw-p 00004000 08:05 925188     /usr/lib/jvm/java-6-openjdk/jre/lib/i386/jli/libjli.so
00846000-00861000 r-xp 00000000 08:05 1179673    /lib/ld-2.11.1.so
00861000-00862000 r--p 0001a000 08:05 1179673    /lib/ld-2.11.1.so
00862000-00863000 rw-p 0001b000 08:05 1179673    /lib/ld-2.11.1.so
00863000-0086d000 r-xp 00000000 08:05 1311541    /lib/tls/i686/cmov/libnss_files-2.11.1.so
0086d000-0086e000 r--p 00009000 08:05 1311541    /lib/tls/i686/cmov/libnss_files-2.11.1.so
0086e000-0086f000 rw-p 0000a000 08:05 1311541    /lib/tls/i686/cmov/libnss_files-2.11.1.so
0093f000-00963000 r-xp 00000000 08:05 1311532    /lib/tls/i686/cmov/libm-2.11.1.so
00963000-00964000 r--p 00023000 08:05 1311532    /lib/tls/i686/cmov/libm-2.11.1.so
00964000-00965000 rw-p 00024000 08:05 1311532    /lib/tls/i686/cmov/libm-2.11.1.so
009b7000-009bd000 r-xp 00000000 08:05 1311537    /lib/tls/i686/cmov/libnss_compat-2.11.1.so
009bd000-009be000 r--p 00006000 08:05 1311537    /lib/tls/i686/cmov/libnss_compat-2.11.1.so
009be000-009bf000 rw-p 00007000 08:05 1311537    /lib/tls/i686/cmov/libnss_compat-2.11.1.so
00ad3000-00ada000 r-xp 00000000 08:05 929399     /usr/lib/jvm/java-6-openjdk/jre/lib/i386/native_threads/libhpi.so
00ada000-00adb000 r--p 00006000 08:05 929399     /usr/lib/jvm/java-6-openjdk/jre/lib/i386/native_threads/libhpi.so
00adb000-00adc000 rw-p 00007000 08:05 929399     /usr/lib/jvm/java-6-openjdk/jre/lib/i386/native_threads/libhpi.so
00b9d000-00b9e000 r-xp 00000000 00:00 0          [vdso]
00bb2000-00bc5000 r-xp 00000000 08:05 1311535    /lib/tls/i686/cmov/libnsl-2.11.1.so
00bc5000-00bc6000 r--p 00012000 08:05 1311535    /lib/tls/i686/cmov/libnsl-2.11.1.so
00bc6000-00bc7000 rw-p 00013000 08:05 1311535    /lib/tls/i686/cmov/libnsl-2.11.1.so
00bc7000-00bc9000 rw-p 00000000 00:00 0 
00de5000-00df1000 r-xp 00000000 08:05 929406     /usr/lib/jvm/java-6-openjdk/jre/lib/i386/libverify.so
00df1000-00df2000 r--p 0000b000 08:05 929406     /usr/lib/jvm/java-6-openjdk/jre/lib/i386/libverify.so
00df2000-00df3000 rw-p 0000c000 08:05 929406     /usr/lib/jvm/java-6-openjdk/jre/lib/i386/libverify.so
00e88000-00e90000 r-xp 00000000 08:05 1311545    /lib/tls/i686/cmov/libnss_nis-2.11.1.so
00e90000-00e91000 r--p 00007000 08:05 1311545    /lib/tls/i686/cmov/libnss_nis-2.11.1.so
00e91000-00e92000 rw-p 00008000 08:05 1311545    /lib/tls/i686/cmov/libnss_nis-2.11.1.so
00ee6000-00efb000 r-xp 00000000 08:05 1311550    /lib/tls/i686/cmov/libpthread-2.11.1.so
00efb000-00efc000 r--p 00014000 08:05 1311550    /lib/tls/i686/cmov/libpthread-2.11.1.so
00efc000-00efd000 rw-p 00015000 08:05 1311550    /lib/tls/i686/cmov/libpthread-2.11.1.so
00efd000-00eff000 rw-p 00000000 00:00 0 
00f3c000-00f3e000 r-xp 00000000 08:05 1311530    /lib/tls/i686/cmov/libdl-2.11.1.so
00f3e000-00f3f000 r--p 00001000 08:05 1311530    /lib/tls/i686/cmov/libdl-2.11.1.so
00f3f000-00f40000 rw-p 00002000 08:05 1311530    /lib/tls/i686/cmov/libdl-2.11.1.so
00f40000-01605000 r-xp 00000000 08:05 929398     /usr/lib/jvm/java-6-openjdk/jre/lib/i386/server/libjvm.so
01605000-01606000 ---p 006c5000 08:05 929398     /usr/lib/jvm/java-6-openjdk/jre/lib/i386/server/libjvm.so
01606000-0164b000 r--p 006c5000 08:05 929398     /usr/lib/jvm/java-6-openjdk/jre/lib/i386/server/libjvm.so
0164b000-0165a000 rw-p 0070a000 08:05 929398     /usr/lib/jvm/java-6-openjdk/jre/lib/i386/server/libjvm.so
0165a000-01a79000 rw-p 00000000 00:00 0 
08048000-08051000 r-xp 00000000 08:05 925147     /usr/lib/jvm/java-6-openjdk/jre/bin/java
08051000-08052000 r--p 00008000 08:05 925147     /usr/lib/jvm/java-6-openjdk/jre/bin/java
08052000-08053000 rw-p 00009000 08:05 925147     /usr/lib/jvm/java-6-openjdk/jre/bin/java
09d89000-09df2000 rw-p 00000000 00:00 0          [heap]
7edda000-7ee3f000 r--s 004cb000 08:05 407485     /home/faizan/Documents/android-sdk-linux_x86_zee/platforms/android-8/android.jar
7ee3f000-7ee40000 ---p 00000000 00:00 0 
7ee40000-7eec0000 rw-p 00000000 00:00 0 
7eec0000-7eec1000 ---p 00000000 00:00 0 
7eec1000-7ef41000 rw-p 00000000 00:00 0 
7ef41000-7ef42000 ---p 00000000 00:00 0 
7ef42000-7efc2000 rw-p 00000000 00:00 0 
7efc2000-7efc3000 ---p 00000000 00:00 0 
7efc3000-7f04b000 rw-p 00000000 00:00 0 
7f04b000-7f083000 rw-p 00000000 00:00 0 
7f083000-7f093000 rw-p 00000000 00:00 0 
7f093000-7f175000 rw-p 00000000 00:00 0 
7f175000-7f17d000 rw-p 00000000 00:00 0 
7f17d000-7f1b5000 rw-p 00000000 00:00 0 
7f1b5000-7f1c5000 rw-p 00000000 00:00 0 
7f1c5000-7f2a6000 rw-p 00000000 00:00 0 
7f2a6000-7f2ae000 rw-p 00000000 00:00 0 
7f2ae000-7f31f000 rw-p 00000000 00:00 0 
7f31f000-80320000 rw-p 00000000 00:00 0 
80320000-87320000 rw-p 00000000 00:00 0 
87320000-89140000 rw-p 00000000 00:00 0 
89140000-a55d0000 rw-p 00000000 00:00 0 
a55d0000-a64e0000 rw-p 00000000 00:00 0 
a64e0000-b4720000 rw-p 00000000 00:00 0 
b4724000-b472d000 rw-p 00000000 00:00 0 
b472d000-b47e4000 rw-p 00000000 00:00 0 
b47e4000-b4a24000 rwxp 00000000 00:00 0 
b4a24000-b77e4000 rw-p 00000000 00:00 0 
b77e4000-b77e7000 ---p 00000000 00:00 0 
b77e7000-b7838000 rw-p 00000000 00:00 0 
b7840000-b7848000 rw-s 00000000 08:05 660859     /tmp/hsperfdata_faizan/8671
b7848000-b7849000 rw-p 00000000 00:00 0 
b7849000-b784a000 r--p 00000000 00:00 0 
b784a000-b784c000 rw-p 00000000 00:00 0 
bfe95000-bfeaa000 rw-p 00000000 00:00 0          [stack]

VM Arguments:
jvm_args: -Dfile.encoding=UTF-8 -Xbootclasspath:/home/faizan/Documents/android-sdk-linux_x86_zee/platforms/android-8/android.jar 
java_command: com.dropbox.android.Listen
Launcher Type: SUN_STANDARD

Environment Variables:
PATH=/usr/local/sbin:/usr/local/bin:/usr/sbin:/usr/bin:/sbin:/bin:/usr/games
USERNAME=faizan
LD_LIBRARY_PATH=/usr/lib/jvm/java-6-openjdk/jre/lib/i386/server:/usr/lib/jvm/java-6-openjdk/jre/lib/i386:/usr/lib/jvm/java-6-openjdk/jre/../lib/i386:/usr/lib/jvm/java-6-openjdk/jre/lib/i386/client:/usr/lib/jvm/java-6-openjdk/jre/lib/i386:/usr/lib/xulrunner-1.9.2.24:/usr/lib/xulrunner-1.9.2.24
SHELL=/bin/bash
DISPLAY=:0.0

Signal Handlers:
SIGSEGV: [libjvm.so+0x64a040], sa_mask[0]=0x7ffbfeff, sa_flags=0x10000004
SIGBUS: [libjvm.so+0x64a040], sa_mask[0]=0x7ffbfeff, sa_flags=0x10000004
SIGFPE: [libjvm.so+0x51c0d0], sa_mask[0]=0x7ffbfeff, sa_flags=0x10000004
SIGPIPE: [libjvm.so+0x51c0d0], sa_mask[0]=0x7ffbfeff, sa_flags=0x10000004
SIGXFSZ: [libjvm.so+0x51c0d0], sa_mask[0]=0x7ffbfeff, sa_flags=0x10000004
SIGILL: [libjvm.so+0x51c0d0], sa_mask[0]=0x7ffbfeff, sa_flags=0x10000004
SIGUSR1: SIG_DFL, sa_mask[0]=0x00000000, sa_flags=0x00000000
SIGUSR2: [libjvm.so+0x51b780], sa_mask[0]=0x00000004, sa_flags=0x10000004
SIGHUP: SIG_DFL, sa_mask[0]=0x00000000, sa_flags=0x00000000
SIGINT: SIG_DFL, sa_mask[0]=0x00000000, sa_flags=0x00000000
SIGTERM: SIG_DFL, sa_mask[0]=0x00000000, sa_flags=0x00000000
SIGQUIT: SIG_DFL, sa_mask[0]=0x00000000, sa_flags=0x00000000


---------------  S Y S T E M  ---------------

OS:Ubuntu 10.04 (lucid)
uname:Linux 2.6.32-37-generic #81-Ubuntu SMP Fri Dec 2 20:35:14 UTC 2011 i686
libc:glibc 2.11.1 NPTL 2.11.1 
rlimit: STACK 8192k, CORE 0k, NPROC infinity, NOFILE 1024, AS infinity
load average:1.12 1.06 1.01

/proc/meminfo:
MemTotal:        2958296 kB
MemFree:          102036 kB
Buffers:          561440 kB
Cached:          1343520 kB
SwapCached:       223024 kB
Active:           700312 kB
Inactive:        2056888 kB
Active(anon):     333852 kB
Inactive(anon):   703116 kB
Active(file):     366460 kB
Inactive(file):  1353772 kB
Unevictable:          16 kB
Mlocked:              16 kB
HighTotal:       2096084 kB
HighFree:          11032 kB
LowTotal:         862212 kB
LowFree:           91004 kB
SwapTotal:       6185976 kB
SwapFree:        5779308 kB
Dirty:               384 kB
Writeback:             0 kB
AnonPages:        754320 kB
Mapped:           133796 kB
Shmem:            184728 kB
Slab:              44868 kB
SReclaimable:      28448 kB
SUnreclaim:        16420 kB
KernelStack:        3040 kB
PageTables:         8272 kB
NFS_Unstable:          0 kB
Bounce:                0 kB
WritebackTmp:          0 kB
CommitLimit:     7665124 kB
Committed_AS:    2557656 kB
VmallocTotal:     122880 kB
VmallocUsed:       36944 kB
VmallocChunk:      24904 kB
HardwareCorrupted:     0 kB
HugePages_Total:       0
HugePages_Free:        0
HugePages_Rsvd:        0
HugePages_Surp:        0
Hugepagesize:       4096 kB
DirectMap4k:       16376 kB
DirectMap4M:      892928 kB


CPU:total 4 (2 cores per cpu, 2 threads per core) family 6 model 37 stepping 2, cmov, cx8, fxsr, mmx, sse, sse2, sse3, ssse3, sse4.1, sse4.2, popcnt, ht

Memory: 4k page, physical 2958296k(102036k free), swap 6185976k(5779308k free)

vm_info: OpenJDK Server VM (19.0-b09) for linux-x86 JRE (1.6.0_20-b20), built on Nov  8 2011 17:27:25 by "buildd" with gcc 4.4.3

time: Thu Dec 29 21:39:55 2011
elapsed time: 0 seconds

