#
# A fatal error has been detected by the Java Runtime Environment:
#
#  Internal Error (classFileParser.cpp:3375), pid=8660, tid=3078298480
#  Error: ShouldNotReachHere()
#
# JRE version: 6.0_20-b20
# Java VM: OpenJDK Server VM (19.0-b09 mixed mode linux-x86 )
# Derivative: IcedTea6 1.9.10
# Distribution: Ubuntu 10.04.1 LTS, package 6b20-1.9.10-0ubuntu1~10.04.2
# If you would like to submit a bug report, please include
# instructions how to reproduce the bug and visit:
#   https://bugs.launchpad.net/ubuntu/+source/openjdk-6/
#

---------------  T H R E A D  ---------------

Current thread (0x08506400):  JavaThread "Unknown thread" [_thread_in_vm, id=8665, stack(0xb7761000,0xb77b2000)]

Stack: [0xb7761000,0xb77b2000],  sp=0xb77b0800,  free space=318k
Native frames: (J=compiled Java code, j=interpreted, Vv=VM code, C=native code)
V  [libjvm.so+0x649437]
V  [libjvm.so+0x649681]
V  [libjvm.so+0x291f0e]
V  [libjvm.so+0x291f89]
V  [libjvm.so+0x225556]
V  [libjvm.so+0x2287eb]
V  [libjvm.so+0x5e4159]
V  [libjvm.so+0x5e4b42]
V  [libjvm.so+0x5e4f24]
V  [libjvm.so+0x5e5f00]
V  [libjvm.so+0x5e5fba]
V  [libjvm.so+0x5e6045]
V  [libjvm.so+0x5e60a6]
V  [libjvm.so+0x5e6183]
V  [libjvm.so+0x5e6479]
V  [libjvm.so+0x62598f]
V  [libjvm.so+0x62639c]
V  [libjvm.so+0x358118]
V  [libjvm.so+0x61184c]
V  [libjvm.so+0x39182c]
C  [java+0x2558]  JavaMain+0x88
C  [libpthread.so.0+0x596e]


---------------  P R O C E S S  ---------------

Java Threads: ( => current thread )

Other Threads:

=>0x08506400 (exited) JavaThread "Unknown thread" [_thread_in_vm, id=8665, stack(0xb7761000,0xb77b2000)]

VM state:not at safepoint (not fully initialized)

VM Mutex/Monitor currently owned by a thread: None

Dynamic libraries:
00110000-00117000 r-xp 00000000 08:05 929399     /usr/lib/jvm/java-6-openjdk/jre/lib/i386/native_threads/libhpi.so
00117000-00118000 r--p 00006000 08:05 929399     /usr/lib/jvm/java-6-openjdk/jre/lib/i386/native_threads/libhpi.so
00118000-00119000 rw-p 00007000 08:05 929399     /usr/lib/jvm/java-6-openjdk/jre/lib/i386/native_threads/libhpi.so
00119000-0011f000 r-xp 00000000 08:05 1311537    /lib/tls/i686/cmov/libnss_compat-2.11.1.so
0011f000-00120000 r--p 00006000 08:05 1311537    /lib/tls/i686/cmov/libnss_compat-2.11.1.so
00120000-00121000 rw-p 00007000 08:05 1311537    /lib/tls/i686/cmov/libnss_compat-2.11.1.so
0012b000-0013e000 r-xp 00000000 08:05 1179846    /lib/libz.so.1.2.3.3
0013e000-0013f000 r--p 00012000 08:05 1179846    /lib/libz.so.1.2.3.3
0013f000-00140000 rw-p 00013000 08:05 1179846    /lib/libz.so.1.2.3.3
00140000-0014a000 r-xp 00000000 08:05 1311541    /lib/tls/i686/cmov/libnss_files-2.11.1.so
0014a000-0014b000 r--p 00009000 08:05 1311541    /lib/tls/i686/cmov/libnss_files-2.11.1.so
0014b000-0014c000 rw-p 0000a000 08:05 1311541    /lib/tls/i686/cmov/libnss_files-2.11.1.so
0018d000-002e0000 r-xp 00000000 08:05 1311524    /lib/tls/i686/cmov/libc-2.11.1.so
002e0000-002e1000 ---p 00153000 08:05 1311524    /lib/tls/i686/cmov/libc-2.11.1.so
002e1000-002e3000 r--p 00153000 08:05 1311524    /lib/tls/i686/cmov/libc-2.11.1.so
002e3000-002e4000 rw-p 00155000 08:05 1311524    /lib/tls/i686/cmov/libc-2.11.1.so
002e4000-002e7000 rw-p 00000000 00:00 0 
003e4000-003f9000 r-xp 00000000 08:05 1311550    /lib/tls/i686/cmov/libpthread-2.11.1.so
003f9000-003fa000 r--p 00014000 08:05 1311550    /lib/tls/i686/cmov/libpthread-2.11.1.so
003fa000-003fb000 rw-p 00015000 08:05 1311550    /lib/tls/i686/cmov/libpthread-2.11.1.so
003fb000-003fd000 rw-p 00000000 00:00 0 
004e8000-004fb000 r-xp 00000000 08:05 1311535    /lib/tls/i686/cmov/libnsl-2.11.1.so
004fb000-004fc000 r--p 00012000 08:05 1311535    /lib/tls/i686/cmov/libnsl-2.11.1.so
004fc000-004fd000 rw-p 00013000 08:05 1311535    /lib/tls/i686/cmov/libnsl-2.11.1.so
004fd000-004ff000 rw-p 00000000 00:00 0 
005ec000-005ef000 r-xp 00000000 08:05 925188     /usr/lib/jvm/java-6-openjdk/jre/lib/i386/jli/libjli.so
005ef000-005f0000 r--p 00003000 08:05 925188     /usr/lib/jvm/java-6-openjdk/jre/lib/i386/jli/libjli.so
005f0000-005f1000 rw-p 00004000 08:05 925188     /usr/lib/jvm/java-6-openjdk/jre/lib/i386/jli/libjli.so
006da000-006f5000 r-xp 00000000 08:05 1179673    /lib/ld-2.11.1.so
006f5000-006f6000 r--p 0001a000 08:05 1179673    /lib/ld-2.11.1.so
006f6000-006f7000 rw-p 0001b000 08:05 1179673    /lib/ld-2.11.1.so
00721000-00745000 r-xp 00000000 08:05 1311532    /lib/tls/i686/cmov/libm-2.11.1.so
00745000-00746000 r--p 00023000 08:05 1311532    /lib/tls/i686/cmov/libm-2.11.1.so
00746000-00747000 rw-p 00024000 08:05 1311532    /lib/tls/i686/cmov/libm-2.11.1.so
008a9000-008b5000 r-xp 00000000 08:05 929406     /usr/lib/jvm/java-6-openjdk/jre/lib/i386/libverify.so
008b5000-008b6000 r--p 0000b000 08:05 929406     /usr/lib/jvm/java-6-openjdk/jre/lib/i386/libverify.so
008b6000-008b7000 rw-p 0000c000 08:05 929406     /usr/lib/jvm/java-6-openjdk/jre/lib/i386/libverify.so
00930000-00937000 r-xp 00000000 08:05 1311554    /lib/tls/i686/cmov/librt-2.11.1.so
00937000-00938000 r--p 00006000 08:05 1311554    /lib/tls/i686/cmov/librt-2.11.1.so
00938000-00939000 rw-p 00007000 08:05 1311554    /lib/tls/i686/cmov/librt-2.11.1.so
00987000-009ab000 r-xp 00000000 08:05 925180     /usr/lib/jvm/java-6-openjdk/jre/lib/i386/libjava.so
009ab000-009ac000 r--p 00023000 08:05 925180     /usr/lib/jvm/java-6-openjdk/jre/lib/i386/libjava.so
009ac000-009ae000 rw-p 00024000 08:05 925180     /usr/lib/jvm/java-6-openjdk/jre/lib/i386/libjava.so
009fd000-009ff000 r-xp 00000000 08:05 1311530    /lib/tls/i686/cmov/libdl-2.11.1.so
009ff000-00a00000 r--p 00001000 08:05 1311530    /lib/tls/i686/cmov/libdl-2.11.1.so
00a00000-00a01000 rw-p 00002000 08:05 1311530    /lib/tls/i686/cmov/libdl-2.11.1.so
00cf7000-00cff000 r-xp 00000000 08:05 1311545    /lib/tls/i686/cmov/libnss_nis-2.11.1.so
00cff000-00d00000 r--p 00007000 08:05 1311545    /lib/tls/i686/cmov/libnss_nis-2.11.1.so
00d00000-00d01000 rw-p 00008000 08:05 1311545    /lib/tls/i686/cmov/libnss_nis-2.11.1.so
00f3f000-00f46000 r-xp 00000000 08:05 925185     /usr/lib/jvm/java-6-openjdk/jre/lib/i386/libzip.so
00f46000-00f47000 r--p 00006000 08:05 925185     /usr/lib/jvm/java-6-openjdk/jre/lib/i386/libzip.so
00f47000-00f48000 rw-p 00007000 08:05 925185     /usr/lib/jvm/java-6-openjdk/jre/lib/i386/libzip.so
00f8e000-00f8f000 r-xp 00000000 00:00 0          [vdso]
00f8f000-01654000 r-xp 00000000 08:05 929398     /usr/lib/jvm/java-6-openjdk/jre/lib/i386/server/libjvm.so
01654000-01655000 ---p 006c5000 08:05 929398     /usr/lib/jvm/java-6-openjdk/jre/lib/i386/server/libjvm.so
01655000-0169a000 r--p 006c5000 08:05 929398     /usr/lib/jvm/java-6-openjdk/jre/lib/i386/server/libjvm.so
0169a000-016a9000 rw-p 0070a000 08:05 929398     /usr/lib/jvm/java-6-openjdk/jre/lib/i386/server/libjvm.so
016a9000-01ac8000 rw-p 00000000 00:00 0 
08048000-08051000 r-xp 00000000 08:05 925147     /usr/lib/jvm/java-6-openjdk/jre/bin/java
08051000-08052000 r--p 00008000 08:05 925147     /usr/lib/jvm/java-6-openjdk/jre/bin/java
08052000-08053000 rw-p 00009000 08:05 925147     /usr/lib/jvm/java-6-openjdk/jre/bin/java
08500000-08569000 rw-p 00000000 00:00 0          [heap]
7ed5a000-7edbf000 r--s 004cb000 08:05 407485     /home/faizan/Documents/android-sdk-linux_x86_zee/platforms/android-8/android.jar
7edbf000-7edc0000 ---p 00000000 00:00 0 
7edc0000-7ee40000 rw-p 00000000 00:00 0 
7ee40000-7ee41000 ---p 00000000 00:00 0 
7ee41000-7eec1000 rw-p 00000000 00:00 0 
7eec1000-7eec2000 ---p 00000000 00:00 0 
7eec2000-7ef42000 rw-p 00000000 00:00 0 
7ef42000-7ef43000 ---p 00000000 00:00 0 
7ef43000-7efcb000 rw-p 00000000 00:00 0 
7efcb000-7f003000 rw-p 00000000 00:00 0 
7f003000-7f013000 rw-p 00000000 00:00 0 
7f013000-7f0f5000 rw-p 00000000 00:00 0 
7f0f5000-7f0fd000 rw-p 00000000 00:00 0 
7f0fd000-7f135000 rw-p 00000000 00:00 0 
7f135000-7f145000 rw-p 00000000 00:00 0 
7f145000-7f226000 rw-p 00000000 00:00 0 
7f226000-7f22e000 rw-p 00000000 00:00 0 
7f22e000-7f29f000 rw-p 00000000 00:00 0 
7f29f000-802a0000 rw-p 00000000 00:00 0 
802a0000-872a0000 rw-p 00000000 00:00 0 
872a0000-890c0000 rw-p 00000000 00:00 0 
890c0000-a5550000 rw-p 00000000 00:00 0 
a5550000-a6460000 rw-p 00000000 00:00 0 
a6460000-b46a0000 rw-p 00000000 00:00 0 
b46a1000-b46aa000 rw-p 00000000 00:00 0 
b46aa000-b4761000 rw-p 00000000 00:00 0 
b4761000-b49a1000 rwxp 00000000 00:00 0 
b49a1000-b7761000 rw-p 00000000 00:00 0 
b7761000-b7764000 ---p 00000000 00:00 0 
b7764000-b77b5000 rw-p 00000000 00:00 0 
b77bd000-b77c5000 rw-s 00000000 08:05 660859     /tmp/hsperfdata_faizan/8660
b77c5000-b77c6000 rw-p 00000000 00:00 0 
b77c6000-b77c7000 r--p 00000000 00:00 0 
b77c7000-b77c9000 rw-p 00000000 00:00 0 
bfa9a000-bfaaf000 rw-p 00000000 00:00 0          [stack]

VM Arguments:
jvm_args: -Dfile.encoding=UTF-8 -Xbootclasspath:/home/faizan/Documents/android-sdk-linux_x86_zee/platforms/android-8/android.jar 
java_command: com.dropbox.android.Listen
Launcher Type: SUN_STANDARD

Environment Variables:
PATH=/usr/local/sbin:/usr/local/bin:/usr/sbin:/usr/bin:/sbin:/bin:/usr/games
USERNAME=faizan
LD_LIBRARY_PATH=/usr/lib/jvm/java-6-openjdk/jre/lib/i386/server:/usr/lib/jvm/java-6-openjdk/jre/lib/i386:/usr/lib/jvm/java-6-openjdk/jre/../lib/i386:/usr/lib/jvm/java-6-openjdk/jre/lib/i386/client:/usr/lib/jvm/java-6-openjdk/jre/lib/i386:/usr/lib/xulrunner-1.9.2.24:/usr/lib/xulrunner-1.9.2.24
SHELL=/bin/bash
DISPLAY=:0.0

Signal Handlers:
SIGSEGV: [libjvm.so+0x64a040], sa_mask[0]=0x7ffbfeff, sa_flags=0x10000004
SIGBUS: [libjvm.so+0x64a040], sa_mask[0]=0x7ffbfeff, sa_flags=0x10000004
SIGFPE: [libjvm.so+0x51c0d0], sa_mask[0]=0x7ffbfeff, sa_flags=0x10000004
SIGPIPE: [libjvm.so+0x51c0d0], sa_mask[0]=0x7ffbfeff, sa_flags=0x10000004
SIGXFSZ: [libjvm.so+0x51c0d0], sa_mask[0]=0x7ffbfeff, sa_flags=0x10000004
SIGILL: [libjvm.so+0x51c0d0], sa_mask[0]=0x7ffbfeff, sa_flags=0x10000004
SIGUSR1: SIG_DFL, sa_mask[0]=0x00000000, sa_flags=0x00000000
SIGUSR2: [libjvm.so+0x51b780], sa_mask[0]=0x00000004, sa_flags=0x10000004
SIGHUP: SIG_DFL, sa_mask[0]=0x00000000, sa_flags=0x00000000
SIGINT: SIG_DFL, sa_mask[0]=0x00000000, sa_flags=0x00000000
SIGTERM: SIG_DFL, sa_mask[0]=0x00000000, sa_flags=0x00000000
SIGQUIT: SIG_DFL, sa_mask[0]=0x00000000, sa_flags=0x00000000


---------------  S Y S T E M  ---------------

OS:Ubuntu 10.04 (lucid)
uname:Linux 2.6.32-37-generic #81-Ubuntu SMP Fri Dec 2 20:35:14 UTC 2011 i686
libc:glibc 2.11.1 NPTL 2.11.1 
rlimit: STACK 8192k, CORE 0k, NPROC infinity, NOFILE 1024, AS infinity
load average:1.13 1.06 1.01

/proc/meminfo:
MemTotal:        2958296 kB
MemFree:          100160 kB
Buffers:          561440 kB
Cached:          1345512 kB
SwapCached:       223024 kB
Active:           700228 kB
Inactive:        2058808 kB
Active(anon):     333780 kB
Inactive(anon):   705052 kB
Active(file):     366448 kB
Inactive(file):  1353756 kB
Unevictable:          16 kB
Mlocked:              16 kB
HighTotal:       2096084 kB
HighFree:           9420 kB
LowTotal:         862212 kB
LowFree:           90740 kB
SwapTotal:       6185976 kB
SwapFree:        5779308 kB
Dirty:               372 kB
Writeback:             0 kB
AnonPages:        754288 kB
Mapped:           133940 kB
Shmem:            186732 kB
Slab:              44856 kB
SReclaimable:      28440 kB
SUnreclaim:        16416 kB
KernelStack:        3064 kB
PageTables:         8232 kB
NFS_Unstable:          0 kB
Bounce:                0 kB
WritebackTmp:          0 kB
CommitLimit:     7665124 kB
Committed_AS:    2559460 kB
VmallocTotal:     122880 kB
VmallocUsed:       36944 kB
VmallocChunk:      24904 kB
HardwareCorrupted:     0 kB
HugePages_Total:       0
HugePages_Free:        0
HugePages_Rsvd:        0
HugePages_Surp:        0
Hugepagesize:       4096 kB
DirectMap4k:       16376 kB
DirectMap4M:      892928 kB


CPU:total 4 (2 cores per cpu, 2 threads per core) family 6 model 37 stepping 2, cmov, cx8, fxsr, mmx, sse, sse2, sse3, ssse3, sse4.1, sse4.2, popcnt, ht

Memory: 4k page, physical 2958296k(100160k free), swap 6185976k(5779308k free)

vm_info: OpenJDK Server VM (19.0-b09) for linux-x86 JRE (1.6.0_20-b20), built on Nov  8 2011 17:27:25 by "buildd" with gcc 4.4.3

time: Thu Dec 29 21:39:53 2011
elapsed time: 0 seconds

