#
# A fatal error has been detected by the Java Runtime Environment:
#
#  Internal Error (classFileParser.cpp:3375), pid=8646, tid=3079396208
#  Error: ShouldNotReachHere()
#
# JRE version: 6.0_20-b20
# Java VM: OpenJDK Server VM (19.0-b09 mixed mode linux-x86 )
# Derivative: IcedTea6 1.9.10
# Distribution: Ubuntu 10.04.1 LTS, package 6b20-1.9.10-0ubuntu1~10.04.2
# If you would like to submit a bug report, please include
# instructions how to reproduce the bug and visit:
#   https://bugs.launchpad.net/ubuntu/+source/openjdk-6/
#

---------------  T H R E A D  ---------------

Current thread (0x09132400):  JavaThread "Unknown thread" [_thread_in_vm, id=8651, stack(0xb786d000,0xb78be000)]

Stack: [0xb786d000,0xb78be000],  sp=0xb78bc800,  free space=318k
Native frames: (J=compiled Java code, j=interpreted, Vv=VM code, C=native code)
V  [libjvm.so+0x649437]
V  [libjvm.so+0x649681]
V  [libjvm.so+0x291f0e]
V  [libjvm.so+0x291f89]
V  [libjvm.so+0x225556]
V  [libjvm.so+0x2287eb]
V  [libjvm.so+0x5e4159]
V  [libjvm.so+0x5e4b42]
V  [libjvm.so+0x5e4f24]
V  [libjvm.so+0x5e5f00]
V  [libjvm.so+0x5e5fba]
V  [libjvm.so+0x5e6045]
V  [libjvm.so+0x5e60a6]
V  [libjvm.so+0x5e6183]
V  [libjvm.so+0x5e6479]
V  [libjvm.so+0x62598f]
V  [libjvm.so+0x62639c]
V  [libjvm.so+0x358118]
V  [libjvm.so+0x61184c]
V  [libjvm.so+0x39182c]
C  [java+0x2558]  JavaMain+0x88
C  [libpthread.so.0+0x596e]


---------------  P R O C E S S  ---------------

Java Threads: ( => current thread )

Other Threads:

=>0x09132400 (exited) JavaThread "Unknown thread" [_thread_in_vm, id=8651, stack(0xb786d000,0xb78be000)]

VM state:not at safepoint (not fully initialized)

VM Mutex/Monitor currently owned by a thread: None

Dynamic libraries:
00110000-00134000 r-xp 00000000 08:05 1311532    /lib/tls/i686/cmov/libm-2.11.1.so
00134000-00135000 r--p 00023000 08:05 1311532    /lib/tls/i686/cmov/libm-2.11.1.so
00135000-00136000 rw-p 00024000 08:05 1311532    /lib/tls/i686/cmov/libm-2.11.1.so
00148000-0014a000 r-xp 00000000 08:05 1311530    /lib/tls/i686/cmov/libdl-2.11.1.so
0014a000-0014b000 r--p 00001000 08:05 1311530    /lib/tls/i686/cmov/libdl-2.11.1.so
0014b000-0014c000 rw-p 00002000 08:05 1311530    /lib/tls/i686/cmov/libdl-2.11.1.so
0014c000-0029f000 r-xp 00000000 08:05 1311524    /lib/tls/i686/cmov/libc-2.11.1.so
0029f000-002a0000 ---p 00153000 08:05 1311524    /lib/tls/i686/cmov/libc-2.11.1.so
002a0000-002a2000 r--p 00153000 08:05 1311524    /lib/tls/i686/cmov/libc-2.11.1.so
002a2000-002a3000 rw-p 00155000 08:05 1311524    /lib/tls/i686/cmov/libc-2.11.1.so
002a3000-002a6000 rw-p 00000000 00:00 0 
00386000-0039b000 r-xp 00000000 08:05 1311550    /lib/tls/i686/cmov/libpthread-2.11.1.so
0039b000-0039c000 r--p 00014000 08:05 1311550    /lib/tls/i686/cmov/libpthread-2.11.1.so
0039c000-0039d000 rw-p 00015000 08:05 1311550    /lib/tls/i686/cmov/libpthread-2.11.1.so
0039d000-0039f000 rw-p 00000000 00:00 0 
0045d000-00467000 r-xp 00000000 08:05 1311541    /lib/tls/i686/cmov/libnss_files-2.11.1.so
00467000-00468000 r--p 00009000 08:05 1311541    /lib/tls/i686/cmov/libnss_files-2.11.1.so
00468000-00469000 rw-p 0000a000 08:05 1311541    /lib/tls/i686/cmov/libnss_files-2.11.1.so
00500000-00524000 r-xp 00000000 08:05 925180     /usr/lib/jvm/java-6-openjdk/jre/lib/i386/libjava.so
00524000-00525000 r--p 00023000 08:05 925180     /usr/lib/jvm/java-6-openjdk/jre/lib/i386/libjava.so
00525000-00527000 rw-p 00024000 08:05 925180     /usr/lib/jvm/java-6-openjdk/jre/lib/i386/libjava.so
00595000-005a1000 r-xp 00000000 08:05 929406     /usr/lib/jvm/java-6-openjdk/jre/lib/i386/libverify.so
005a1000-005a2000 r--p 0000b000 08:05 929406     /usr/lib/jvm/java-6-openjdk/jre/lib/i386/libverify.so
005a2000-005a3000 rw-p 0000c000 08:05 929406     /usr/lib/jvm/java-6-openjdk/jre/lib/i386/libverify.so
0079b000-007b6000 r-xp 00000000 08:05 1179673    /lib/ld-2.11.1.so
007b6000-007b7000 r--p 0001a000 08:05 1179673    /lib/ld-2.11.1.so
007b7000-007b8000 rw-p 0001b000 08:05 1179673    /lib/ld-2.11.1.so
00953000-0095b000 r-xp 00000000 08:05 1311545    /lib/tls/i686/cmov/libnss_nis-2.11.1.so
0095b000-0095c000 r--p 00007000 08:05 1311545    /lib/tls/i686/cmov/libnss_nis-2.11.1.so
0095c000-0095d000 rw-p 00008000 08:05 1311545    /lib/tls/i686/cmov/libnss_nis-2.11.1.so
00ac4000-00ad7000 r-xp 00000000 08:05 1311535    /lib/tls/i686/cmov/libnsl-2.11.1.so
00ad7000-00ad8000 r--p 00012000 08:05 1311535    /lib/tls/i686/cmov/libnsl-2.11.1.so
00ad8000-00ad9000 rw-p 00013000 08:05 1311535    /lib/tls/i686/cmov/libnsl-2.11.1.so
00ad9000-00adb000 rw-p 00000000 00:00 0 
00c63000-00c6a000 r-xp 00000000 08:05 929399     /usr/lib/jvm/java-6-openjdk/jre/lib/i386/native_threads/libhpi.so
00c6a000-00c6b000 r--p 00006000 08:05 929399     /usr/lib/jvm/java-6-openjdk/jre/lib/i386/native_threads/libhpi.so
00c6b000-00c6c000 rw-p 00007000 08:05 929399     /usr/lib/jvm/java-6-openjdk/jre/lib/i386/native_threads/libhpi.so
00c6f000-00c76000 r-xp 00000000 08:05 925185     /usr/lib/jvm/java-6-openjdk/jre/lib/i386/libzip.so
00c76000-00c77000 r--p 00006000 08:05 925185     /usr/lib/jvm/java-6-openjdk/jre/lib/i386/libzip.so
00c77000-00c78000 rw-p 00007000 08:05 925185     /usr/lib/jvm/java-6-openjdk/jre/lib/i386/libzip.so
00c8c000-00c9f000 r-xp 00000000 08:05 1179846    /lib/libz.so.1.2.3.3
00c9f000-00ca0000 r--p 00012000 08:05 1179846    /lib/libz.so.1.2.3.3
00ca0000-00ca1000 rw-p 00013000 08:05 1179846    /lib/libz.so.1.2.3.3
00d7d000-00d84000 r-xp 00000000 08:05 1311554    /lib/tls/i686/cmov/librt-2.11.1.so
00d84000-00d85000 r--p 00006000 08:05 1311554    /lib/tls/i686/cmov/librt-2.11.1.so
00d85000-00d86000 rw-p 00007000 08:05 1311554    /lib/tls/i686/cmov/librt-2.11.1.so
00d90000-00d96000 r-xp 00000000 08:05 1311537    /lib/tls/i686/cmov/libnss_compat-2.11.1.so
00d96000-00d97000 r--p 00006000 08:05 1311537    /lib/tls/i686/cmov/libnss_compat-2.11.1.so
00d97000-00d98000 rw-p 00007000 08:05 1311537    /lib/tls/i686/cmov/libnss_compat-2.11.1.so
00da4000-00da7000 r-xp 00000000 08:05 925188     /usr/lib/jvm/java-6-openjdk/jre/lib/i386/jli/libjli.so
00da7000-00da8000 r--p 00003000 08:05 925188     /usr/lib/jvm/java-6-openjdk/jre/lib/i386/jli/libjli.so
00da8000-00da9000 rw-p 00004000 08:05 925188     /usr/lib/jvm/java-6-openjdk/jre/lib/i386/jli/libjli.so
00ef9000-00efa000 r-xp 00000000 00:00 0          [vdso]
00efa000-015bf000 r-xp 00000000 08:05 929398     /usr/lib/jvm/java-6-openjdk/jre/lib/i386/server/libjvm.so
015bf000-015c0000 ---p 006c5000 08:05 929398     /usr/lib/jvm/java-6-openjdk/jre/lib/i386/server/libjvm.so
015c0000-01605000 r--p 006c5000 08:05 929398     /usr/lib/jvm/java-6-openjdk/jre/lib/i386/server/libjvm.so
01605000-01614000 rw-p 0070a000 08:05 929398     /usr/lib/jvm/java-6-openjdk/jre/lib/i386/server/libjvm.so
01614000-01a33000 rw-p 00000000 00:00 0 
08048000-08051000 r-xp 00000000 08:05 925147     /usr/lib/jvm/java-6-openjdk/jre/bin/java
08051000-08052000 r--p 00008000 08:05 925147     /usr/lib/jvm/java-6-openjdk/jre/bin/java
08052000-08053000 rw-p 00009000 08:05 925147     /usr/lib/jvm/java-6-openjdk/jre/bin/java
0912c000-09195000 rw-p 00000000 00:00 0          [heap]
7ee5a000-7eebf000 r--s 004cb000 08:05 407485     /home/faizan/Documents/android-sdk-linux_x86_zee/platforms/android-8/android.jar
7eebf000-7eec0000 ---p 00000000 00:00 0 
7eec0000-7ef40000 rw-p 00000000 00:00 0 
7ef40000-7ef41000 ---p 00000000 00:00 0 
7ef41000-7efc1000 rw-p 00000000 00:00 0 
7efc1000-7efc2000 ---p 00000000 00:00 0 
7efc2000-7f042000 rw-p 00000000 00:00 0 
7f042000-7f043000 ---p 00000000 00:00 0 
7f043000-7f0cb000 rw-p 00000000 00:00 0 
7f0cb000-7f103000 rw-p 00000000 00:00 0 
7f103000-7f113000 rw-p 00000000 00:00 0 
7f113000-7f1f5000 rw-p 00000000 00:00 0 
7f1f5000-7f1fd000 rw-p 00000000 00:00 0 
7f1fd000-7f235000 rw-p 00000000 00:00 0 
7f235000-7f245000 rw-p 00000000 00:00 0 
7f245000-7f326000 rw-p 00000000 00:00 0 
7f326000-7f32e000 rw-p 00000000 00:00 0 
7f32e000-7f39f000 rw-p 00000000 00:00 0 
7f39f000-803a0000 rw-p 00000000 00:00 0 
803a0000-873a0000 rw-p 00000000 00:00 0 
873a0000-891c0000 rw-p 00000000 00:00 0 
891c0000-a5650000 rw-p 00000000 00:00 0 
a5650000-a6560000 rw-p 00000000 00:00 0 
a6560000-b47a0000 rw-p 00000000 00:00 0 
b47ad000-b47b6000 rw-p 00000000 00:00 0 
b47b6000-b486d000 rw-p 00000000 00:00 0 
b486d000-b4aad000 rwxp 00000000 00:00 0 
b4aad000-b786d000 rw-p 00000000 00:00 0 
b786d000-b7870000 ---p 00000000 00:00 0 
b7870000-b78c1000 rw-p 00000000 00:00 0 
b78c9000-b78d1000 rw-s 00000000 08:05 660859     /tmp/hsperfdata_faizan/8646
b78d1000-b78d2000 rw-p 00000000 00:00 0 
b78d2000-b78d3000 r--p 00000000 00:00 0 
b78d3000-b78d5000 rw-p 00000000 00:00 0 
bfd3a000-bfd4f000 rw-p 00000000 00:00 0          [stack]

VM Arguments:
jvm_args: -Dfile.encoding=UTF-8 -Xbootclasspath:/home/faizan/Documents/android-sdk-linux_x86_zee/platforms/android-8/android.jar 
java_command: com.dropbox.android.Listen
Launcher Type: SUN_STANDARD

Environment Variables:
PATH=/usr/local/sbin:/usr/local/bin:/usr/sbin:/usr/bin:/sbin:/bin:/usr/games
USERNAME=faizan
LD_LIBRARY_PATH=/usr/lib/jvm/java-6-openjdk/jre/lib/i386/server:/usr/lib/jvm/java-6-openjdk/jre/lib/i386:/usr/lib/jvm/java-6-openjdk/jre/../lib/i386:/usr/lib/jvm/java-6-openjdk/jre/lib/i386/client:/usr/lib/jvm/java-6-openjdk/jre/lib/i386:/usr/lib/xulrunner-1.9.2.24:/usr/lib/xulrunner-1.9.2.24
SHELL=/bin/bash
DISPLAY=:0.0

Signal Handlers:
SIGSEGV: [libjvm.so+0x64a040], sa_mask[0]=0x7ffbfeff, sa_flags=0x10000004
SIGBUS: [libjvm.so+0x64a040], sa_mask[0]=0x7ffbfeff, sa_flags=0x10000004
SIGFPE: [libjvm.so+0x51c0d0], sa_mask[0]=0x7ffbfeff, sa_flags=0x10000004
SIGPIPE: [libjvm.so+0x51c0d0], sa_mask[0]=0x7ffbfeff, sa_flags=0x10000004
SIGXFSZ: [libjvm.so+0x51c0d0], sa_mask[0]=0x7ffbfeff, sa_flags=0x10000004
SIGILL: [libjvm.so+0x51c0d0], sa_mask[0]=0x7ffbfeff, sa_flags=0x10000004
SIGUSR1: SIG_DFL, sa_mask[0]=0x00000000, sa_flags=0x00000000
SIGUSR2: [libjvm.so+0x51b780], sa_mask[0]=0x00000004, sa_flags=0x10000004
SIGHUP: SIG_DFL, sa_mask[0]=0x00000000, sa_flags=0x00000000
SIGINT: SIG_DFL, sa_mask[0]=0x00000000, sa_flags=0x00000000
SIGTERM: SIG_DFL, sa_mask[0]=0x00000000, sa_flags=0x00000000
SIGQUIT: SIG_DFL, sa_mask[0]=0x00000000, sa_flags=0x00000000


---------------  S Y S T E M  ---------------

OS:Ubuntu 10.04 (lucid)
uname:Linux 2.6.32-37-generic #81-Ubuntu SMP Fri Dec 2 20:35:14 UTC 2011 i686
libc:glibc 2.11.1 NPTL 2.11.1 
rlimit: STACK 8192k, CORE 0k, NPROC infinity, NOFILE 1024, AS infinity
load average:1.14 1.06 1.01

/proc/meminfo:
MemTotal:        2958296 kB
MemFree:          101696 kB
Buffers:          561424 kB
Cached:          1343820 kB
SwapCached:       223024 kB
Active:           699712 kB
Inactive:        2057564 kB
Active(anon):     333260 kB
Inactive(anon):   703776 kB
Active(file):     366452 kB
Inactive(file):  1353788 kB
Unevictable:          16 kB
Mlocked:              16 kB
HighTotal:       2096084 kB
HighFree:          11404 kB
LowTotal:         862212 kB
LowFree:           90292 kB
SwapTotal:       6185976 kB
SwapFree:        5779308 kB
Dirty:               236 kB
Writeback:             0 kB
AnonPages:        754264 kB
Mapped:           133912 kB
Shmem:            185004 kB
Slab:              44848 kB
SReclaimable:      28432 kB
SUnreclaim:        16416 kB
KernelStack:        3064 kB
PageTables:         8216 kB
NFS_Unstable:          0 kB
Bounce:                0 kB
WritebackTmp:          0 kB
CommitLimit:     7665124 kB
Committed_AS:    2557808 kB
VmallocTotal:     122880 kB
VmallocUsed:       36944 kB
VmallocChunk:      24904 kB
HardwareCorrupted:     0 kB
HugePages_Total:       0
HugePages_Free:        0
HugePages_Rsvd:        0
HugePages_Surp:        0
Hugepagesize:       4096 kB
DirectMap4k:       16376 kB
DirectMap4M:      892928 kB


CPU:total 4 (2 cores per cpu, 2 threads per core) family 6 model 37 stepping 2, cmov, cx8, fxsr, mmx, sse, sse2, sse3, ssse3, sse4.1, sse4.2, popcnt, ht

Memory: 4k page, physical 2958296k(101696k free), swap 6185976k(5779308k free)

vm_info: OpenJDK Server VM (19.0-b09) for linux-x86 JRE (1.6.0_20-b20), built on Nov  8 2011 17:27:25 by "buildd" with gcc 4.4.3

time: Thu Dec 29 21:39:45 2011
elapsed time: 0 seconds

