#
# A fatal error has been detected by the Java Runtime Environment:
#
#  Internal Error (classFileParser.cpp:3375), pid=9011, tid=3079146352
#  Error: ShouldNotReachHere()
#
# JRE version: 6.0_20-b20
# Java VM: OpenJDK Server VM (19.0-b09 mixed mode linux-x86 )
# Derivative: IcedTea6 1.9.10
# Distribution: Ubuntu 10.04.1 LTS, package 6b20-1.9.10-0ubuntu1~10.04.2
# If you would like to submit a bug report, please include
# instructions how to reproduce the bug and visit:
#   https://bugs.launchpad.net/ubuntu/+source/openjdk-6/
#

---------------  T H R E A D  ---------------

Current thread (0x09073400):  JavaThread "Unknown thread" [_thread_in_vm, id=9016, stack(0xb7830000,0xb7881000)]

Stack: [0xb7830000,0xb7881000],  sp=0xb787f800,  free space=318k
Native frames: (J=compiled Java code, j=interpreted, Vv=VM code, C=native code)
V  [libjvm.so+0x649437]
V  [libjvm.so+0x649681]
V  [libjvm.so+0x291f0e]
V  [libjvm.so+0x291f89]
V  [libjvm.so+0x225556]
V  [libjvm.so+0x2287eb]
V  [libjvm.so+0x5e4159]
V  [libjvm.so+0x5e4b42]
V  [libjvm.so+0x5e4f24]
V  [libjvm.so+0x5e5f00]
V  [libjvm.so+0x5e5fba]
V  [libjvm.so+0x5e6045]
V  [libjvm.so+0x5e60a6]
V  [libjvm.so+0x5e6183]
V  [libjvm.so+0x5e6479]
V  [libjvm.so+0x62598f]
V  [libjvm.so+0x62639c]
V  [libjvm.so+0x358118]
V  [libjvm.so+0x61184c]
V  [libjvm.so+0x39182c]
C  [java+0x2558]  JavaMain+0x88
C  [libpthread.so.0+0x596e]


---------------  P R O C E S S  ---------------

Java Threads: ( => current thread )

Other Threads:

=>0x09073400 (exited) JavaThread "Unknown thread" [_thread_in_vm, id=9016, stack(0xb7830000,0xb7881000)]

VM state:not at safepoint (not fully initialized)

VM Mutex/Monitor currently owned by a thread: None

Dynamic libraries:
00110000-00123000 r-xp 00000000 08:05 1179846    /lib/libz.so.1.2.3.3
00123000-00124000 r--p 00012000 08:05 1179846    /lib/libz.so.1.2.3.3
00124000-00125000 rw-p 00013000 08:05 1179846    /lib/libz.so.1.2.3.3
00125000-00278000 r-xp 00000000 08:05 1311524    /lib/tls/i686/cmov/libc-2.11.1.so
00278000-00279000 ---p 00153000 08:05 1311524    /lib/tls/i686/cmov/libc-2.11.1.so
00279000-0027b000 r--p 00153000 08:05 1311524    /lib/tls/i686/cmov/libc-2.11.1.so
0027b000-0027c000 rw-p 00155000 08:05 1311524    /lib/tls/i686/cmov/libc-2.11.1.so
0027c000-0027f000 rw-p 00000000 00:00 0 
0027f000-002a3000 r-xp 00000000 08:05 925180     /usr/lib/jvm/java-6-openjdk/jre/lib/i386/libjava.so
002a3000-002a4000 r--p 00023000 08:05 925180     /usr/lib/jvm/java-6-openjdk/jre/lib/i386/libjava.so
002a4000-002a6000 rw-p 00024000 08:05 925180     /usr/lib/jvm/java-6-openjdk/jre/lib/i386/libjava.so
002a6000-002ad000 r-xp 00000000 08:05 929399     /usr/lib/jvm/java-6-openjdk/jre/lib/i386/native_threads/libhpi.so
002ad000-002ae000 r--p 00006000 08:05 929399     /usr/lib/jvm/java-6-openjdk/jre/lib/i386/native_threads/libhpi.so
002ae000-002af000 rw-p 00007000 08:05 929399     /usr/lib/jvm/java-6-openjdk/jre/lib/i386/native_threads/libhpi.so
002af000-002b6000 r-xp 00000000 08:05 925185     /usr/lib/jvm/java-6-openjdk/jre/lib/i386/libzip.so
002b6000-002b7000 r--p 00006000 08:05 925185     /usr/lib/jvm/java-6-openjdk/jre/lib/i386/libzip.so
002b7000-002b8000 rw-p 00007000 08:05 925185     /usr/lib/jvm/java-6-openjdk/jre/lib/i386/libzip.so
003cd000-003d9000 r-xp 00000000 08:05 929406     /usr/lib/jvm/java-6-openjdk/jre/lib/i386/libverify.so
003d9000-003da000 r--p 0000b000 08:05 929406     /usr/lib/jvm/java-6-openjdk/jre/lib/i386/libverify.so
003da000-003db000 rw-p 0000c000 08:05 929406     /usr/lib/jvm/java-6-openjdk/jre/lib/i386/libverify.so
005a8000-005aa000 r-xp 00000000 08:05 1311530    /lib/tls/i686/cmov/libdl-2.11.1.so
005aa000-005ab000 r--p 00001000 08:05 1311530    /lib/tls/i686/cmov/libdl-2.11.1.so
005ab000-005ac000 rw-p 00002000 08:05 1311530    /lib/tls/i686/cmov/libdl-2.11.1.so
00769000-00784000 r-xp 00000000 08:05 1179673    /lib/ld-2.11.1.so
00784000-00785000 r--p 0001a000 08:05 1179673    /lib/ld-2.11.1.so
00785000-00786000 rw-p 0001b000 08:05 1179673    /lib/ld-2.11.1.so
00788000-00790000 r-xp 00000000 08:05 1311545    /lib/tls/i686/cmov/libnss_nis-2.11.1.so
00790000-00791000 r--p 00007000 08:05 1311545    /lib/tls/i686/cmov/libnss_nis-2.11.1.so
00791000-00792000 rw-p 00008000 08:05 1311545    /lib/tls/i686/cmov/libnss_nis-2.11.1.so
00823000-00836000 r-xp 00000000 08:05 1311535    /lib/tls/i686/cmov/libnsl-2.11.1.so
00836000-00837000 r--p 00012000 08:05 1311535    /lib/tls/i686/cmov/libnsl-2.11.1.so
00837000-00838000 rw-p 00013000 08:05 1311535    /lib/tls/i686/cmov/libnsl-2.11.1.so
00838000-0083a000 rw-p 00000000 00:00 0 
0087f000-00882000 r-xp 00000000 08:05 925188     /usr/lib/jvm/java-6-openjdk/jre/lib/i386/jli/libjli.so
00882000-00883000 r--p 00003000 08:05 925188     /usr/lib/jvm/java-6-openjdk/jre/lib/i386/jli/libjli.so
00883000-00884000 rw-p 00004000 08:05 925188     /usr/lib/jvm/java-6-openjdk/jre/lib/i386/jli/libjli.so
00a2e000-00a34000 r-xp 00000000 08:05 1311537    /lib/tls/i686/cmov/libnss_compat-2.11.1.so
00a34000-00a35000 r--p 00006000 08:05 1311537    /lib/tls/i686/cmov/libnss_compat-2.11.1.so
00a35000-00a36000 rw-p 00007000 08:05 1311537    /lib/tls/i686/cmov/libnss_compat-2.11.1.so
00b2a000-00b3f000 r-xp 00000000 08:05 1311550    /lib/tls/i686/cmov/libpthread-2.11.1.so
00b3f000-00b40000 r--p 00014000 08:05 1311550    /lib/tls/i686/cmov/libpthread-2.11.1.so
00b40000-00b41000 rw-p 00015000 08:05 1311550    /lib/tls/i686/cmov/libpthread-2.11.1.so
00b41000-00b43000 rw-p 00000000 00:00 0 
00bb3000-00bba000 r-xp 00000000 08:05 1311554    /lib/tls/i686/cmov/librt-2.11.1.so
00bba000-00bbb000 r--p 00006000 08:05 1311554    /lib/tls/i686/cmov/librt-2.11.1.so
00bbb000-00bbc000 rw-p 00007000 08:05 1311554    /lib/tls/i686/cmov/librt-2.11.1.so
00c91000-00c9b000 r-xp 00000000 08:05 1311541    /lib/tls/i686/cmov/libnss_files-2.11.1.so
00c9b000-00c9c000 r--p 00009000 08:05 1311541    /lib/tls/i686/cmov/libnss_files-2.11.1.so
00c9c000-00c9d000 rw-p 0000a000 08:05 1311541    /lib/tls/i686/cmov/libnss_files-2.11.1.so
00db9000-00ddd000 r-xp 00000000 08:05 1311532    /lib/tls/i686/cmov/libm-2.11.1.so
00ddd000-00dde000 r--p 00023000 08:05 1311532    /lib/tls/i686/cmov/libm-2.11.1.so
00dde000-00ddf000 rw-p 00024000 08:05 1311532    /lib/tls/i686/cmov/libm-2.11.1.so
00e6a000-00e6b000 r-xp 00000000 00:00 0          [vdso]
00e6b000-01530000 r-xp 00000000 08:05 929398     /usr/lib/jvm/java-6-openjdk/jre/lib/i386/server/libjvm.so
01530000-01531000 ---p 006c5000 08:05 929398     /usr/lib/jvm/java-6-openjdk/jre/lib/i386/server/libjvm.so
01531000-01576000 r--p 006c5000 08:05 929398     /usr/lib/jvm/java-6-openjdk/jre/lib/i386/server/libjvm.so
01576000-01585000 rw-p 0070a000 08:05 929398     /usr/lib/jvm/java-6-openjdk/jre/lib/i386/server/libjvm.so
01585000-019a4000 rw-p 00000000 00:00 0 
08048000-08051000 r-xp 00000000 08:05 925147     /usr/lib/jvm/java-6-openjdk/jre/bin/java
08051000-08052000 r--p 00008000 08:05 925147     /usr/lib/jvm/java-6-openjdk/jre/bin/java
08052000-08053000 rw-p 00009000 08:05 925147     /usr/lib/jvm/java-6-openjdk/jre/bin/java
0906d000-0908e000 rw-p 00000000 00:00 0          [heap]
7ed00000-7ed44000 rw-p 00000000 00:00 0 
7ed44000-7ee00000 ---p 00000000 00:00 0 
7ee2a000-7ee8f000 r--s 004cb000 08:05 407485     /home/faizan/Documents/android-sdk-linux_x86_zee/platforms/android-8/android.jar
7ee8f000-7ee90000 ---p 00000000 00:00 0 
7ee90000-7ef10000 rw-p 00000000 00:00 0 
7ef10000-7ef11000 ---p 00000000 00:00 0 
7ef11000-7ef91000 rw-p 00000000 00:00 0 
7ef91000-7ef92000 ---p 00000000 00:00 0 
7ef92000-7f012000 rw-p 00000000 00:00 0 
7f012000-7f013000 ---p 00000000 00:00 0 
7f013000-7f09b000 rw-p 00000000 00:00 0 
7f09b000-7f0d3000 rw-p 00000000 00:00 0 
7f0d3000-7f0e3000 rw-p 00000000 00:00 0 
7f0e3000-7f1c5000 rw-p 00000000 00:00 0 
7f1c5000-7f1cd000 rw-p 00000000 00:00 0 
7f1cd000-7f205000 rw-p 00000000 00:00 0 
7f205000-7f215000 rw-p 00000000 00:00 0 
7f215000-7f2f6000 rw-p 00000000 00:00 0 
7f2f6000-7f2fe000 rw-p 00000000 00:00 0 
7f2fe000-7f36f000 rw-p 00000000 00:00 0 
7f36f000-80370000 rw-p 00000000 00:00 0 
80370000-87370000 rw-p 00000000 00:00 0 
87370000-89190000 rw-p 00000000 00:00 0 
89190000-a5620000 rw-p 00000000 00:00 0 
a5620000-a6530000 rw-p 00000000 00:00 0 
a6530000-b4770000 rw-p 00000000 00:00 0 
b4770000-b4779000 rw-p 00000000 00:00 0 
b4779000-b4830000 rw-p 00000000 00:00 0 
b4830000-b4a70000 rwxp 00000000 00:00 0 
b4a70000-b7830000 rw-p 00000000 00:00 0 
b7830000-b7833000 ---p 00000000 00:00 0 
b7833000-b7884000 rw-p 00000000 00:00 0 
b788c000-b7894000 rw-s 00000000 08:05 660859     /tmp/hsperfdata_faizan/9011
b7894000-b7895000 rw-p 00000000 00:00 0 
b7895000-b7896000 r--p 00000000 00:00 0 
b7896000-b7898000 rw-p 00000000 00:00 0 
bfa25000-bfa3a000 rw-p 00000000 00:00 0          [stack]

VM Arguments:
jvm_args: -Dfile.encoding=UTF-8 -Xbootclasspath:/home/faizan/Documents/android-sdk-linux_x86_zee/platforms/android-8/android.jar 
java_command: com.dropbox.android.Listen
Launcher Type: SUN_STANDARD

Environment Variables:
PATH=/usr/local/sbin:/usr/local/bin:/usr/sbin:/usr/bin:/sbin:/bin:/usr/games
USERNAME=faizan
LD_LIBRARY_PATH=/usr/lib/jvm/java-6-openjdk/jre/lib/i386/server:/usr/lib/jvm/java-6-openjdk/jre/lib/i386:/usr/lib/jvm/java-6-openjdk/jre/../lib/i386:/usr/lib/jvm/java-6-openjdk/jre/lib/i386/client:/usr/lib/jvm/java-6-openjdk/jre/lib/i386:/usr/lib/xulrunner-1.9.2.24:/usr/lib/xulrunner-1.9.2.24
SHELL=/bin/bash
DISPLAY=:0.0

Signal Handlers:
SIGSEGV: [libjvm.so+0x64a040], sa_mask[0]=0x7ffbfeff, sa_flags=0x10000004
SIGBUS: [libjvm.so+0x64a040], sa_mask[0]=0x7ffbfeff, sa_flags=0x10000004
SIGFPE: [libjvm.so+0x51c0d0], sa_mask[0]=0x7ffbfeff, sa_flags=0x10000004
SIGPIPE: [libjvm.so+0x51c0d0], sa_mask[0]=0x7ffbfeff, sa_flags=0x10000004
SIGXFSZ: [libjvm.so+0x51c0d0], sa_mask[0]=0x7ffbfeff, sa_flags=0x10000004
SIGILL: [libjvm.so+0x51c0d0], sa_mask[0]=0x7ffbfeff, sa_flags=0x10000004
SIGUSR1: SIG_DFL, sa_mask[0]=0x00000000, sa_flags=0x00000000
SIGUSR2: [libjvm.so+0x51b780], sa_mask[0]=0x00000004, sa_flags=0x10000004
SIGHUP: SIG_DFL, sa_mask[0]=0x00000000, sa_flags=0x00000000
SIGINT: SIG_DFL, sa_mask[0]=0x00000000, sa_flags=0x00000000
SIGTERM: SIG_DFL, sa_mask[0]=0x00000000, sa_flags=0x00000000
SIGQUIT: SIG_DFL, sa_mask[0]=0x00000000, sa_flags=0x00000000


---------------  S Y S T E M  ---------------

OS:Ubuntu 10.04 (lucid)
uname:Linux 2.6.32-37-generic #81-Ubuntu SMP Fri Dec 2 20:35:14 UTC 2011 i686
libc:glibc 2.11.1 NPTL 2.11.1 
rlimit: STACK 8192k, CORE 0k, NPROC infinity, NOFILE 1024, AS infinity
load average:0.94 0.97 0.99

/proc/meminfo:
MemTotal:        2958296 kB
MemFree:           96644 kB
Buffers:          562440 kB
Cached:          1344136 kB
SwapCached:       214128 kB
Active:           709148 kB
Inactive:        2053800 kB
Active(anon):     337188 kB
Inactive(anon):   700388 kB
Active(file):     371960 kB
Inactive(file):  1353412 kB
Unevictable:          16 kB
Mlocked:              16 kB
HighTotal:       2096084 kB
HighFree:           6816 kB
LowTotal:         862212 kB
LowFree:           89828 kB
SwapTotal:       6185976 kB
SwapFree:        5789100 kB
Dirty:               176 kB
Writeback:             0 kB
AnonPages:        763296 kB
Mapped:           133444 kB
Shmem:            181136 kB
Slab:              45156 kB
SReclaimable:      28552 kB
SUnreclaim:        16604 kB
KernelStack:        3136 kB
PageTables:         8264 kB
NFS_Unstable:          0 kB
Bounce:                0 kB
WritebackTmp:          0 kB
CommitLimit:     7665124 kB
Committed_AS:    2554964 kB
VmallocTotal:     122880 kB
VmallocUsed:       36944 kB
VmallocChunk:      24904 kB
HardwareCorrupted:     0 kB
HugePages_Total:       0
HugePages_Free:        0
HugePages_Rsvd:        0
HugePages_Surp:        0
Hugepagesize:       4096 kB
DirectMap4k:       16376 kB
DirectMap4M:      892928 kB


CPU:total 4 (2 cores per cpu, 2 threads per core) family 6 model 37 stepping 2, cmov, cx8, fxsr, mmx, sse, sse2, sse3, ssse3, sse4.1, sse4.2, popcnt, ht

Memory: 4k page, physical 2958296k(96644k free), swap 6185976k(5789100k free)

vm_info: OpenJDK Server VM (19.0-b09) for linux-x86 JRE (1.6.0_20-b20), built on Nov  8 2011 17:27:25 by "buildd" with gcc 4.4.3

time: Thu Dec 29 21:58:14 2011
elapsed time: 0 seconds

