#
# A fatal error has been detected by the Java Runtime Environment:
#
#  Internal Error (classFileParser.cpp:3375), pid=6010, tid=3078421360
#  Error: ShouldNotReachHere()
#
# JRE version: 6.0_20-b20
# Java VM: OpenJDK Server VM (19.0-b09 mixed mode linux-x86 )
# Derivative: IcedTea6 1.9.9
# Distribution: Ubuntu 10.04.1 LTS, package 6b20-1.9.9-0ubuntu1~10.04.2
# If you would like to submit a bug report, please include
# instructions how to reproduce the bug and visit:
#   https://bugs.launchpad.net/ubuntu/+source/openjdk-6/
#

---------------  T H R E A D  ---------------

Current thread (0x09493400):  JavaThread "Unknown thread" [_thread_in_vm, id=6015, stack(0xb777f000,0xb77d0000)]

Stack: [0xb777f000,0xb77d0000],  sp=0xb77ce800,  free space=318k
Native frames: (J=compiled Java code, j=interpreted, Vv=VM code, C=native code)
V  [libjvm.so+0x649377]
V  [libjvm.so+0x6495c1]
V  [libjvm.so+0x291f0e]
V  [libjvm.so+0x291f89]
V  [libjvm.so+0x225556]
V  [libjvm.so+0x2287eb]
V  [libjvm.so+0x5e4099]
V  [libjvm.so+0x5e4a82]
V  [libjvm.so+0x5e4e64]
V  [libjvm.so+0x5e5e40]
V  [libjvm.so+0x5e5efa]
V  [libjvm.so+0x5e5f85]
V  [libjvm.so+0x5e5fe6]
V  [libjvm.so+0x5e60c3]
V  [libjvm.so+0x5e63b9]
V  [libjvm.so+0x6258cf]
V  [libjvm.so+0x6262dc]
V  [libjvm.so+0x3580e8]
V  [libjvm.so+0x61178c]
V  [libjvm.so+0x3917fc]
C  [java+0x2558]  JavaMain+0x88
C  [libpthread.so.0+0x596e]


---------------  P R O C E S S  ---------------

Java Threads: ( => current thread )

Other Threads:

=>0x09493400 (exited) JavaThread "Unknown thread" [_thread_in_vm, id=6015, stack(0xb777f000,0xb77d0000)]

VM state:not at safepoint (not fully initialized)

VM Mutex/Monitor currently owned by a thread: None

Dynamic libraries:
00110000-00134000 r-xp 00000000 08:05 2360110    /lib/tls/i686/cmov/libm-2.11.1.so
00134000-00135000 r--p 00023000 08:05 2360110    /lib/tls/i686/cmov/libm-2.11.1.so
00135000-00136000 rw-p 00024000 08:05 2360110    /lib/tls/i686/cmov/libm-2.11.1.so
00136000-00142000 r-xp 00000000 08:05 1057547    /usr/lib/jvm/java-6-openjdk/jre/lib/i386/libverify.so
00142000-00143000 r--p 0000b000 08:05 1057547    /usr/lib/jvm/java-6-openjdk/jre/lib/i386/libverify.so
00143000-00144000 rw-p 0000c000 08:05 1057547    /usr/lib/jvm/java-6-openjdk/jre/lib/i386/libverify.so
00144000-00168000 r-xp 00000000 08:05 1057531    /usr/lib/jvm/java-6-openjdk/jre/lib/i386/libjava.so
00168000-00169000 r--p 00023000 08:05 1057531    /usr/lib/jvm/java-6-openjdk/jre/lib/i386/libjava.so
00169000-0016b000 rw-p 00024000 08:05 1057531    /usr/lib/jvm/java-6-openjdk/jre/lib/i386/libjava.so
0016b000-00172000 r-xp 00000000 08:05 1057550    /usr/lib/jvm/java-6-openjdk/jre/lib/i386/native_threads/libhpi.so
00172000-00173000 r--p 00006000 08:05 1057550    /usr/lib/jvm/java-6-openjdk/jre/lib/i386/native_threads/libhpi.so
00173000-00174000 rw-p 00007000 08:05 1057550    /usr/lib/jvm/java-6-openjdk/jre/lib/i386/native_threads/libhpi.so
00174000-0017a000 r-xp 00000000 08:05 2360115    /lib/tls/i686/cmov/libnss_compat-2.11.1.so
0017a000-0017b000 r--p 00006000 08:05 2360115    /lib/tls/i686/cmov/libnss_compat-2.11.1.so
0017b000-0017c000 rw-p 00007000 08:05 2360115    /lib/tls/i686/cmov/libnss_compat-2.11.1.so
0017c000-00184000 r-xp 00000000 08:05 2360123    /lib/tls/i686/cmov/libnss_nis-2.11.1.so
00184000-00185000 r--p 00007000 08:05 2360123    /lib/tls/i686/cmov/libnss_nis-2.11.1.so
00185000-00186000 rw-p 00008000 08:05 2360123    /lib/tls/i686/cmov/libnss_nis-2.11.1.so
00186000-00190000 r-xp 00000000 08:05 2360119    /lib/tls/i686/cmov/libnss_files-2.11.1.so
00190000-00191000 r--p 00009000 08:05 2360119    /lib/tls/i686/cmov/libnss_files-2.11.1.so
00191000-00192000 rw-p 0000a000 08:05 2360119    /lib/tls/i686/cmov/libnss_files-2.11.1.so
0020a000-0020c000 r-xp 00000000 08:05 2360108    /lib/tls/i686/cmov/libdl-2.11.1.so
0020c000-0020d000 r--p 00001000 08:05 2360108    /lib/tls/i686/cmov/libdl-2.11.1.so
0020d000-0020e000 rw-p 00002000 08:05 2360108    /lib/tls/i686/cmov/libdl-2.11.1.so
0033d000-0033e000 r-xp 00000000 00:00 0          [vdso]
004d5000-004dc000 r-xp 00000000 08:05 2360132    /lib/tls/i686/cmov/librt-2.11.1.so
004dc000-004dd000 r--p 00006000 08:05 2360132    /lib/tls/i686/cmov/librt-2.11.1.so
004dd000-004de000 rw-p 00007000 08:05 2360132    /lib/tls/i686/cmov/librt-2.11.1.so
006f4000-0070f000 r-xp 00000000 08:05 2228249    /lib/ld-2.11.1.so
0070f000-00710000 r--p 0001a000 08:05 2228249    /lib/ld-2.11.1.so
00710000-00711000 rw-p 0001b000 08:05 2228249    /lib/ld-2.11.1.so
007a7000-007ba000 r-xp 00000000 08:05 2228422    /lib/libz.so.1.2.3.3
007ba000-007bb000 r--p 00012000 08:05 2228422    /lib/libz.so.1.2.3.3
007bb000-007bc000 rw-p 00013000 08:05 2228422    /lib/libz.so.1.2.3.3
00916000-0091d000 r-xp 00000000 08:05 1057548    /usr/lib/jvm/java-6-openjdk/jre/lib/i386/libzip.so
0091d000-0091e000 r--p 00006000 08:05 1057548    /usr/lib/jvm/java-6-openjdk/jre/lib/i386/libzip.so
0091e000-0091f000 rw-p 00007000 08:05 1057548    /usr/lib/jvm/java-6-openjdk/jre/lib/i386/libzip.so
009db000-009f0000 r-xp 00000000 08:05 2360128    /lib/tls/i686/cmov/libpthread-2.11.1.so
009f0000-009f1000 r--p 00014000 08:05 2360128    /lib/tls/i686/cmov/libpthread-2.11.1.so
009f1000-009f2000 rw-p 00015000 08:05 2360128    /lib/tls/i686/cmov/libpthread-2.11.1.so
009f2000-009f4000 rw-p 00000000 00:00 0 
00b3d000-00b50000 r-xp 00000000 08:05 2360113    /lib/tls/i686/cmov/libnsl-2.11.1.so
00b50000-00b51000 r--p 00012000 08:05 2360113    /lib/tls/i686/cmov/libnsl-2.11.1.so
00b51000-00b52000 rw-p 00013000 08:05 2360113    /lib/tls/i686/cmov/libnsl-2.11.1.so
00b52000-00b54000 rw-p 00000000 00:00 0 
00c49000-00d9c000 r-xp 00000000 08:05 2360102    /lib/tls/i686/cmov/libc-2.11.1.so
00d9c000-00d9d000 ---p 00153000 08:05 2360102    /lib/tls/i686/cmov/libc-2.11.1.so
00d9d000-00d9f000 r--p 00153000 08:05 2360102    /lib/tls/i686/cmov/libc-2.11.1.so
00d9f000-00da0000 rw-p 00155000 08:05 2360102    /lib/tls/i686/cmov/libc-2.11.1.so
00da0000-00da3000 rw-p 00000000 00:00 0 
00e32000-00e35000 r-xp 00000000 08:05 1057519    /usr/lib/jvm/java-6-openjdk/jre/lib/i386/jli/libjli.so
00e35000-00e36000 r--p 00003000 08:05 1057519    /usr/lib/jvm/java-6-openjdk/jre/lib/i386/jli/libjli.so
00e36000-00e37000 rw-p 00004000 08:05 1057519    /usr/lib/jvm/java-6-openjdk/jre/lib/i386/jli/libjli.so
00e37000-014fc000 r-xp 00000000 08:05 1057552    /usr/lib/jvm/java-6-openjdk/jre/lib/i386/server/libjvm.so
014fc000-014fd000 ---p 006c5000 08:05 1057552    /usr/lib/jvm/java-6-openjdk/jre/lib/i386/server/libjvm.so
014fd000-01542000 r--p 006c5000 08:05 1057552    /usr/lib/jvm/java-6-openjdk/jre/lib/i386/server/libjvm.so
01542000-01551000 rw-p 0070a000 08:05 1057552    /usr/lib/jvm/java-6-openjdk/jre/lib/i386/server/libjvm.so
01551000-01970000 rw-p 00000000 00:00 0 
08048000-08051000 r-xp 00000000 08:05 1057579    /usr/lib/jvm/java-6-openjdk/jre/bin/java
08051000-08052000 r--p 00008000 08:05 1057579    /usr/lib/jvm/java-6-openjdk/jre/bin/java
08052000-08053000 rw-p 00009000 08:05 1057579    /usr/lib/jvm/java-6-openjdk/jre/bin/java
0948d000-094f6000 rw-p 00000000 00:00 0          [heap]
7ed6a000-7edcf000 r--s 004cb000 08:05 2634571    /home/faizan/Documents/android-sdk-linux_x86_zee/platforms/android-8/android.jar
7edcf000-7edd0000 ---p 00000000 00:00 0 
7edd0000-7ee50000 rw-p 00000000 00:00 0 
7ee50000-7ee51000 ---p 00000000 00:00 0 
7ee51000-7eed1000 rw-p 00000000 00:00 0 
7eed1000-7eed2000 ---p 00000000 00:00 0 
7eed2000-7ef52000 rw-p 00000000 00:00 0 
7ef52000-7ef53000 ---p 00000000 00:00 0 
7ef53000-7efdb000 rw-p 00000000 00:00 0 
7efdb000-7f013000 rw-p 00000000 00:00 0 
7f013000-7f023000 rw-p 00000000 00:00 0 
7f023000-7f105000 rw-p 00000000 00:00 0 
7f105000-7f10d000 rw-p 00000000 00:00 0 
7f10d000-7f145000 rw-p 00000000 00:00 0 
7f145000-7f155000 rw-p 00000000 00:00 0 
7f155000-7f236000 rw-p 00000000 00:00 0 
7f236000-7f23e000 rw-p 00000000 00:00 0 
7f23e000-7f2af000 rw-p 00000000 00:00 0 
7f2af000-802b0000 rw-p 00000000 00:00 0 
802b0000-872b0000 rw-p 00000000 00:00 0 
872b0000-890d0000 rw-p 00000000 00:00 0 
890d0000-a5560000 rw-p 00000000 00:00 0 
a5560000-a6470000 rw-p 00000000 00:00 0 
a6470000-b46b0000 rw-p 00000000 00:00 0 
b46bf000-b46c8000 rw-p 00000000 00:00 0 
b46c8000-b477f000 rw-p 00000000 00:00 0 
b477f000-b49bf000 rwxp 00000000 00:00 0 
b49bf000-b777f000 rw-p 00000000 00:00 0 
b777f000-b7782000 ---p 00000000 00:00 0 
b7782000-b77d3000 rw-p 00000000 00:00 0 
b77d9000-b77e1000 rw-s 00000000 08:05 786514     /tmp/hsperfdata_faizan/6010
b77e1000-b77e2000 rw-p 00000000 00:00 0 
b77e2000-b77e3000 r--p 00000000 00:00 0 
b77e3000-b77e5000 rw-p 00000000 00:00 0 
bfe0c000-bfe21000 rw-p 00000000 00:00 0          [stack]

VM Arguments:
jvm_args: -Dfile.encoding=UTF-8 -Xbootclasspath:/home/faizan/Documents/android-sdk-linux_x86_zee/platforms/android-8/android.jar 
java_command: net.practice.dropbox.DropAuth
Launcher Type: SUN_STANDARD

Environment Variables:
PATH=/usr/local/sbin:/usr/local/bin:/usr/sbin:/usr/bin:/sbin:/bin:/usr/games
USERNAME=faizan
LD_LIBRARY_PATH=/usr/lib/jvm/java-6-openjdk/jre/lib/i386/server:/usr/lib/jvm/java-6-openjdk/jre/lib/i386:/usr/lib/jvm/java-6-openjdk/jre/../lib/i386:/usr/lib/jvm/java-6-openjdk/jre/lib/i386/client:/usr/lib/jvm/java-6-openjdk/jre/lib/i386:/usr/lib/xulrunner-1.9.2.20:/usr/lib/xulrunner-1.9.2.20
SHELL=/bin/bash
DISPLAY=:0.0

Signal Handlers:
SIGSEGV: [libjvm.so+0x649f80], sa_mask[0]=0x7ffbfeff, sa_flags=0x10000004
SIGBUS: [libjvm.so+0x649f80], sa_mask[0]=0x7ffbfeff, sa_flags=0x10000004
SIGFPE: [libjvm.so+0x51c010], sa_mask[0]=0x7ffbfeff, sa_flags=0x10000004
SIGPIPE: [libjvm.so+0x51c010], sa_mask[0]=0x7ffbfeff, sa_flags=0x10000004
SIGXFSZ: [libjvm.so+0x51c010], sa_mask[0]=0x7ffbfeff, sa_flags=0x10000004
SIGILL: [libjvm.so+0x51c010], sa_mask[0]=0x7ffbfeff, sa_flags=0x10000004
SIGUSR1: SIG_DFL, sa_mask[0]=0x00000000, sa_flags=0x00000000
SIGUSR2: [libjvm.so+0x51b6c0], sa_mask[0]=0x00000004, sa_flags=0x10000004
SIGHUP: SIG_DFL, sa_mask[0]=0x00000000, sa_flags=0x00000000
SIGINT: SIG_DFL, sa_mask[0]=0x00000000, sa_flags=0x00000000
SIGTERM: SIG_DFL, sa_mask[0]=0x00000000, sa_flags=0x00000000
SIGQUIT: SIG_DFL, sa_mask[0]=0x00000000, sa_flags=0x00000000


---------------  S Y S T E M  ---------------

OS:Ubuntu 10.04 (lucid)
uname:Linux 2.6.32-33-generic #70-Ubuntu SMP Thu Jul 7 21:09:46 UTC 2011 i686
libc:glibc 2.11.1 NPTL 2.11.1 
rlimit: STACK 8192k, CORE 0k, NPROC infinity, NOFILE 1024, AS infinity
load average:0.90 0.85 0.78

/proc/meminfo:
MemTotal:        2958296 kB
MemFree:          936068 kB
Buffers:           63396 kB
Cached:          1085472 kB
SwapCached:            0 kB
Active:          1362216 kB
Inactive:         563040 kB
Active(anon):     821664 kB
Inactive(anon):   103088 kB
Active(file):     540552 kB
Inactive(file):   459952 kB
Unevictable:           0 kB
Mlocked:               0 kB
HighTotal:       2096084 kB
HighFree:         214208 kB
LowTotal:         862212 kB
LowFree:          721860 kB
SwapTotal:       6185976 kB
SwapFree:        6185976 kB
Dirty:               888 kB
Writeback:             0 kB
AnonPages:        776540 kB
Mapped:           146124 kB
Shmem:            148360 kB
Slab:              43080 kB
SReclaimable:      28908 kB
SUnreclaim:        14172 kB
KernelStack:        3016 kB
PageTables:         8984 kB
NFS_Unstable:          0 kB
Bounce:                0 kB
WritebackTmp:          0 kB
CommitLimit:     7665124 kB
Committed_AS:    2639180 kB
VmallocTotal:     122880 kB
VmallocUsed:       36792 kB
VmallocChunk:      49712 kB
HardwareCorrupted:     0 kB
HugePages_Total:       0
HugePages_Free:        0
HugePages_Rsvd:        0
HugePages_Surp:        0
Hugepagesize:       4096 kB
DirectMap4k:       16376 kB
DirectMap4M:      892928 kB


CPU:total 4 (2 cores per cpu, 2 threads per core) family 6 model 37 stepping 2, cmov, cx8, fxsr, mmx, sse, sse2, sse3, ssse3, sse4.1, sse4.2, popcnt, ht

Memory: 4k page, physical 2958296k(936068k free), swap 6185976k(6185976k free)

vm_info: OpenJDK Server VM (19.0-b09) for linux-x86 JRE (1.6.0_20-b20), built on Jul 22 2011 02:03:35 by "buildd" with gcc 4.4.3

time: Wed Sep 28 16:53:20 2011
elapsed time: 0 seconds

