#
# A fatal error has been detected by the Java Runtime Environment:
#
#  Internal Error (classFileParser.cpp:3375), pid=5920, tid=3079080816
#  Error: ShouldNotReachHere()
#
# JRE version: 6.0_20-b20
# Java VM: OpenJDK Server VM (19.0-b09 mixed mode linux-x86 )
# Derivative: IcedTea6 1.9.9
# Distribution: Ubuntu 10.04.1 LTS, package 6b20-1.9.9-0ubuntu1~10.04.2
# If you would like to submit a bug report, please include
# instructions how to reproduce the bug and visit:
#   https://bugs.launchpad.net/ubuntu/+source/openjdk-6/
#

---------------  T H R E A D  ---------------

Current thread (0x08c86400):  JavaThread "Unknown thread" [_thread_in_vm, id=5921, stack(0xb7820000,0xb7871000)]

Stack: [0xb7820000,0xb7871000],  sp=0xb786f800,  free space=318k
Native frames: (J=compiled Java code, j=interpreted, Vv=VM code, C=native code)
V  [libjvm.so+0x649377]
V  [libjvm.so+0x6495c1]
V  [libjvm.so+0x291f0e]
V  [libjvm.so+0x291f89]
V  [libjvm.so+0x225556]
V  [libjvm.so+0x2287eb]
V  [libjvm.so+0x5e4099]
V  [libjvm.so+0x5e4a82]
V  [libjvm.so+0x5e4e64]
V  [libjvm.so+0x5e5e40]
V  [libjvm.so+0x5e5efa]
V  [libjvm.so+0x5e5f85]
V  [libjvm.so+0x5e5fe6]
V  [libjvm.so+0x5e60c3]
V  [libjvm.so+0x5e63b9]
V  [libjvm.so+0x6258cf]
V  [libjvm.so+0x6262dc]
V  [libjvm.so+0x3580e8]
V  [libjvm.so+0x61178c]
V  [libjvm.so+0x3917fc]
C  [java+0x2558]  JavaMain+0x88
C  [libpthread.so.0+0x596e]


---------------  P R O C E S S  ---------------

Java Threads: ( => current thread )

Other Threads:

=>0x08c86400 (exited) JavaThread "Unknown thread" [_thread_in_vm, id=5921, stack(0xb7820000,0xb7871000)]

VM state:not at safepoint (not fully initialized)

VM Mutex/Monitor currently owned by a thread: None

Dynamic libraries:
00110000-00116000 r-xp 00000000 08:05 2360115    /lib/tls/i686/cmov/libnss_compat-2.11.1.so
00116000-00117000 r--p 00006000 08:05 2360115    /lib/tls/i686/cmov/libnss_compat-2.11.1.so
00117000-00118000 rw-p 00007000 08:05 2360115    /lib/tls/i686/cmov/libnss_compat-2.11.1.so
00118000-0011b000 r-xp 00000000 08:05 1057519    /usr/lib/jvm/java-6-openjdk/jre/lib/i386/jli/libjli.so
0011b000-0011c000 r--p 00003000 08:05 1057519    /usr/lib/jvm/java-6-openjdk/jre/lib/i386/jli/libjli.so
0011c000-0011d000 rw-p 00004000 08:05 1057519    /usr/lib/jvm/java-6-openjdk/jre/lib/i386/jli/libjli.so
0011d000-00270000 r-xp 00000000 08:05 2360102    /lib/tls/i686/cmov/libc-2.11.1.so
00270000-00271000 ---p 00153000 08:05 2360102    /lib/tls/i686/cmov/libc-2.11.1.so
00271000-00273000 r--p 00153000 08:05 2360102    /lib/tls/i686/cmov/libc-2.11.1.so
00273000-00274000 rw-p 00155000 08:05 2360102    /lib/tls/i686/cmov/libc-2.11.1.so
00274000-00277000 rw-p 00000000 00:00 0 
00277000-0029b000 r-xp 00000000 08:05 1057531    /usr/lib/jvm/java-6-openjdk/jre/lib/i386/libjava.so
0029b000-0029c000 r--p 00023000 08:05 1057531    /usr/lib/jvm/java-6-openjdk/jre/lib/i386/libjava.so
0029c000-0029e000 rw-p 00024000 08:05 1057531    /usr/lib/jvm/java-6-openjdk/jre/lib/i386/libjava.so
0029e000-002a6000 r-xp 00000000 08:05 2360123    /lib/tls/i686/cmov/libnss_nis-2.11.1.so
002a6000-002a7000 r--p 00007000 08:05 2360123    /lib/tls/i686/cmov/libnss_nis-2.11.1.so
002a7000-002a8000 rw-p 00008000 08:05 2360123    /lib/tls/i686/cmov/libnss_nis-2.11.1.so
002a8000-002cc000 r-xp 00000000 08:05 2360110    /lib/tls/i686/cmov/libm-2.11.1.so
002cc000-002cd000 r--p 00023000 08:05 2360110    /lib/tls/i686/cmov/libm-2.11.1.so
002cd000-002ce000 rw-p 00024000 08:05 2360110    /lib/tls/i686/cmov/libm-2.11.1.so
002ce000-002d8000 r-xp 00000000 08:05 2360119    /lib/tls/i686/cmov/libnss_files-2.11.1.so
002d8000-002d9000 r--p 00009000 08:05 2360119    /lib/tls/i686/cmov/libnss_files-2.11.1.so
002d9000-002da000 rw-p 0000a000 08:05 2360119    /lib/tls/i686/cmov/libnss_files-2.11.1.so
002da000-002e1000 r-xp 00000000 08:05 1057548    /usr/lib/jvm/java-6-openjdk/jre/lib/i386/libzip.so
002e1000-002e2000 r--p 00006000 08:05 1057548    /usr/lib/jvm/java-6-openjdk/jre/lib/i386/libzip.so
002e2000-002e3000 rw-p 00007000 08:05 1057548    /usr/lib/jvm/java-6-openjdk/jre/lib/i386/libzip.so
002e4000-002f7000 r-xp 00000000 08:05 2228422    /lib/libz.so.1.2.3.3
002f7000-002f8000 r--p 00012000 08:05 2228422    /lib/libz.so.1.2.3.3
002f8000-002f9000 rw-p 00013000 08:05 2228422    /lib/libz.so.1.2.3.3
002f9000-0030c000 r-xp 00000000 08:05 2360113    /lib/tls/i686/cmov/libnsl-2.11.1.so
0030c000-0030d000 r--p 00012000 08:05 2360113    /lib/tls/i686/cmov/libnsl-2.11.1.so
0030d000-0030e000 rw-p 00013000 08:05 2360113    /lib/tls/i686/cmov/libnsl-2.11.1.so
0030e000-00310000 rw-p 00000000 00:00 0 
003db000-003dd000 r-xp 00000000 08:05 2360108    /lib/tls/i686/cmov/libdl-2.11.1.so
003dd000-003de000 r--p 00001000 08:05 2360108    /lib/tls/i686/cmov/libdl-2.11.1.so
003de000-003df000 rw-p 00002000 08:05 2360108    /lib/tls/i686/cmov/libdl-2.11.1.so
00424000-0043f000 r-xp 00000000 08:05 2228249    /lib/ld-2.11.1.so
0043f000-00440000 r--p 0001a000 08:05 2228249    /lib/ld-2.11.1.so
00440000-00441000 rw-p 0001b000 08:05 2228249    /lib/ld-2.11.1.so
00831000-0083d000 r-xp 00000000 08:05 1057547    /usr/lib/jvm/java-6-openjdk/jre/lib/i386/libverify.so
0083d000-0083e000 r--p 0000b000 08:05 1057547    /usr/lib/jvm/java-6-openjdk/jre/lib/i386/libverify.so
0083e000-0083f000 rw-p 0000c000 08:05 1057547    /usr/lib/jvm/java-6-openjdk/jre/lib/i386/libverify.so
00876000-0088b000 r-xp 00000000 08:05 2360128    /lib/tls/i686/cmov/libpthread-2.11.1.so
0088b000-0088c000 r--p 00014000 08:05 2360128    /lib/tls/i686/cmov/libpthread-2.11.1.so
0088c000-0088d000 rw-p 00015000 08:05 2360128    /lib/tls/i686/cmov/libpthread-2.11.1.so
0088d000-0088f000 rw-p 00000000 00:00 0 
008aa000-008b1000 r-xp 00000000 08:05 1057550    /usr/lib/jvm/java-6-openjdk/jre/lib/i386/native_threads/libhpi.so
008b1000-008b2000 r--p 00006000 08:05 1057550    /usr/lib/jvm/java-6-openjdk/jre/lib/i386/native_threads/libhpi.so
008b2000-008b3000 rw-p 00007000 08:05 1057550    /usr/lib/jvm/java-6-openjdk/jre/lib/i386/native_threads/libhpi.so
00adb000-00ae2000 r-xp 00000000 08:05 2360132    /lib/tls/i686/cmov/librt-2.11.1.so
00ae2000-00ae3000 r--p 00006000 08:05 2360132    /lib/tls/i686/cmov/librt-2.11.1.so
00ae3000-00ae4000 rw-p 00007000 08:05 2360132    /lib/tls/i686/cmov/librt-2.11.1.so
00b31000-00b32000 r-xp 00000000 00:00 0          [vdso]
00b32000-011f7000 r-xp 00000000 08:05 1057552    /usr/lib/jvm/java-6-openjdk/jre/lib/i386/server/libjvm.so
011f7000-011f8000 ---p 006c5000 08:05 1057552    /usr/lib/jvm/java-6-openjdk/jre/lib/i386/server/libjvm.so
011f8000-0123d000 r--p 006c5000 08:05 1057552    /usr/lib/jvm/java-6-openjdk/jre/lib/i386/server/libjvm.so
0123d000-0124c000 rw-p 0070a000 08:05 1057552    /usr/lib/jvm/java-6-openjdk/jre/lib/i386/server/libjvm.so
0124c000-0166b000 rw-p 00000000 00:00 0 
08048000-08051000 r-xp 00000000 08:05 1057579    /usr/lib/jvm/java-6-openjdk/jre/bin/java
08051000-08052000 r--p 00008000 08:05 1057579    /usr/lib/jvm/java-6-openjdk/jre/bin/java
08052000-08053000 rw-p 00009000 08:05 1057579    /usr/lib/jvm/java-6-openjdk/jre/bin/java
08c80000-08ca1000 rw-p 00000000 00:00 0          [heap]
7ed00000-7ed44000 rw-p 00000000 00:00 0 
7ed44000-7ee00000 ---p 00000000 00:00 0 
7ee1a000-7ee7f000 r--s 004cb000 08:05 2634571    /home/faizan/Documents/android-sdk-linux_x86_zee/platforms/android-8/android.jar
7ee7f000-7ee80000 ---p 00000000 00:00 0 
7ee80000-7ef00000 rw-p 00000000 00:00 0 
7ef00000-7ef01000 ---p 00000000 00:00 0 
7ef01000-7ef81000 rw-p 00000000 00:00 0 
7ef81000-7ef82000 ---p 00000000 00:00 0 
7ef82000-7f002000 rw-p 00000000 00:00 0 
7f002000-7f003000 ---p 00000000 00:00 0 
7f003000-7f08b000 rw-p 00000000 00:00 0 
7f08b000-7f0c3000 rw-p 00000000 00:00 0 
7f0c3000-7f0d3000 rw-p 00000000 00:00 0 
7f0d3000-7f1b5000 rw-p 00000000 00:00 0 
7f1b5000-7f1bd000 rw-p 00000000 00:00 0 
7f1bd000-7f1f5000 rw-p 00000000 00:00 0 
7f1f5000-7f205000 rw-p 00000000 00:00 0 
7f205000-7f2e6000 rw-p 00000000 00:00 0 
7f2e6000-7f2ee000 rw-p 00000000 00:00 0 
7f2ee000-7f35f000 rw-p 00000000 00:00 0 
7f35f000-80360000 rw-p 00000000 00:00 0 
80360000-87360000 rw-p 00000000 00:00 0 
87360000-89180000 rw-p 00000000 00:00 0 
89180000-a5610000 rw-p 00000000 00:00 0 
a5610000-a6520000 rw-p 00000000 00:00 0 
a6520000-b4760000 rw-p 00000000 00:00 0 
b4760000-b4769000 rw-p 00000000 00:00 0 
b4769000-b4820000 rw-p 00000000 00:00 0 
b4820000-b4a60000 rwxp 00000000 00:00 0 
b4a60000-b7820000 rw-p 00000000 00:00 0 
b7820000-b7823000 ---p 00000000 00:00 0 
b7823000-b7874000 rw-p 00000000 00:00 0 
b787a000-b7882000 rw-s 00000000 08:05 786513     /tmp/hsperfdata_faizan/5920
b7882000-b7883000 rw-p 00000000 00:00 0 
b7883000-b7884000 r--p 00000000 00:00 0 
b7884000-b7886000 rw-p 00000000 00:00 0 
bf8fd000-bf912000 rw-p 00000000 00:00 0          [stack]

VM Arguments:
jvm_args: -Dfile.encoding=UTF-8 -Xbootclasspath:/home/faizan/Documents/android-sdk-linux_x86_zee/platforms/android-8/android.jar 
java_command: net.practice.dropbox.DropAuth
Launcher Type: SUN_STANDARD

Environment Variables:
PATH=/usr/local/sbin:/usr/local/bin:/usr/sbin:/usr/bin:/sbin:/bin:/usr/games
USERNAME=faizan
LD_LIBRARY_PATH=/usr/lib/jvm/java-6-openjdk/jre/lib/i386/server:/usr/lib/jvm/java-6-openjdk/jre/lib/i386:/usr/lib/jvm/java-6-openjdk/jre/../lib/i386:/usr/lib/jvm/java-6-openjdk/jre/lib/i386/client:/usr/lib/jvm/java-6-openjdk/jre/lib/i386:/usr/lib/xulrunner-1.9.2.20:/usr/lib/xulrunner-1.9.2.20
SHELL=/bin/bash
DISPLAY=:0.0

Signal Handlers:
SIGSEGV: [libjvm.so+0x649f80], sa_mask[0]=0x7ffbfeff, sa_flags=0x10000004
SIGBUS: [libjvm.so+0x649f80], sa_mask[0]=0x7ffbfeff, sa_flags=0x10000004
SIGFPE: [libjvm.so+0x51c010], sa_mask[0]=0x7ffbfeff, sa_flags=0x10000004
SIGPIPE: [libjvm.so+0x51c010], sa_mask[0]=0x7ffbfeff, sa_flags=0x10000004
SIGXFSZ: [libjvm.so+0x51c010], sa_mask[0]=0x7ffbfeff, sa_flags=0x10000004
SIGILL: [libjvm.so+0x51c010], sa_mask[0]=0x7ffbfeff, sa_flags=0x10000004
SIGUSR1: SIG_DFL, sa_mask[0]=0x00000000, sa_flags=0x00000000
SIGUSR2: [libjvm.so+0x51b6c0], sa_mask[0]=0x00000004, sa_flags=0x10000004
SIGHUP: SIG_DFL, sa_mask[0]=0x00000000, sa_flags=0x00000000
SIGINT: SIG_DFL, sa_mask[0]=0x00000000, sa_flags=0x00000000
SIGTERM: SIG_DFL, sa_mask[0]=0x00000000, sa_flags=0x00000000
SIGQUIT: SIG_DFL, sa_mask[0]=0x00000000, sa_flags=0x00000000


---------------  S Y S T E M  ---------------

OS:Ubuntu 10.04 (lucid)
uname:Linux 2.6.32-33-generic #70-Ubuntu SMP Thu Jul 7 21:09:46 UTC 2011 i686
libc:glibc 2.11.1 NPTL 2.11.1 
rlimit: STACK 8192k, CORE 0k, NPROC infinity, NOFILE 1024, AS infinity
load average:1.00 0.88 0.79

/proc/meminfo:
MemTotal:        2958296 kB
MemFree:         1200044 kB
Buffers:           63276 kB
Cached:          1014332 kB
SwapCached:            0 kB
Active:          1090392 kB
Inactive:         572300 kB
Active(anon):     630184 kB
Inactive(anon):   112300 kB
Active(file):     460208 kB
Inactive(file):   460000 kB
Unevictable:           0 kB
Mlocked:               0 kB
HighTotal:       2096084 kB
HighFree:         476592 kB
LowTotal:         862212 kB
LowFree:          723452 kB
SwapTotal:       6185976 kB
SwapFree:        6185976 kB
Dirty:               308 kB
Writeback:             0 kB
AnonPages:        584992 kB
Mapped:           144288 kB
Shmem:            157404 kB
Slab:              41720 kB
SReclaimable:      27588 kB
SUnreclaim:        14132 kB
KernelStack:        2912 kB
PageTables:         8852 kB
NFS_Unstable:          0 kB
Bounce:                0 kB
WritebackTmp:          0 kB
CommitLimit:     7665124 kB
Committed_AS:    2391616 kB
VmallocTotal:     122880 kB
VmallocUsed:       36792 kB
VmallocChunk:      49712 kB
HardwareCorrupted:     0 kB
HugePages_Total:       0
HugePages_Free:        0
HugePages_Rsvd:        0
HugePages_Surp:        0
Hugepagesize:       4096 kB
DirectMap4k:       16376 kB
DirectMap4M:      892928 kB


CPU:total 4 (2 cores per cpu, 2 threads per core) family 6 model 37 stepping 2, cmov, cx8, fxsr, mmx, sse, sse2, sse3, ssse3, sse4.1, sse4.2, popcnt, ht

Memory: 4k page, physical 2958296k(1200044k free), swap 6185976k(6185976k free)

vm_info: OpenJDK Server VM (19.0-b09) for linux-x86 JRE (1.6.0_20-b20), built on Jul 22 2011 02:03:35 by "buildd" with gcc 4.4.3

time: Wed Sep 28 16:52:05 2011
elapsed time: 0 seconds

