#
# A fatal error has been detected by the Java Runtime Environment:
#
#  Internal Error (classFileParser.cpp:3375), pid=5938, tid=3078847344
#  Error: ShouldNotReachHere()
#
# JRE version: 6.0_20-b20
# Java VM: OpenJDK Server VM (19.0-b09 mixed mode linux-x86 )
# Derivative: IcedTea6 1.9.9
# Distribution: Ubuntu 10.04.1 LTS, package 6b20-1.9.9-0ubuntu1~10.04.2
# If you would like to submit a bug report, please include
# instructions how to reproduce the bug and visit:
#   https://bugs.launchpad.net/ubuntu/+source/openjdk-6/
#

---------------  T H R E A D  ---------------

Current thread (0x09883400):  JavaThread "Unknown thread" [_thread_in_vm, id=5943, stack(0xb77e7000,0xb7838000)]

Stack: [0xb77e7000,0xb7838000],  sp=0xb7836800,  free space=318k
Native frames: (J=compiled Java code, j=interpreted, Vv=VM code, C=native code)
V  [libjvm.so+0x649377]
V  [libjvm.so+0x6495c1]
V  [libjvm.so+0x291f0e]
V  [libjvm.so+0x291f89]
V  [libjvm.so+0x225556]
V  [libjvm.so+0x2287eb]
V  [libjvm.so+0x5e4099]
V  [libjvm.so+0x5e4a82]
V  [libjvm.so+0x5e4e64]
V  [libjvm.so+0x5e5e40]
V  [libjvm.so+0x5e5efa]
V  [libjvm.so+0x5e5f85]
V  [libjvm.so+0x5e5fe6]
V  [libjvm.so+0x5e60c3]
V  [libjvm.so+0x5e63b9]
V  [libjvm.so+0x6258cf]
V  [libjvm.so+0x6262dc]
V  [libjvm.so+0x3580e8]
V  [libjvm.so+0x61178c]
V  [libjvm.so+0x3917fc]
C  [java+0x2558]  JavaMain+0x88
C  [libpthread.so.0+0x596e]


---------------  P R O C E S S  ---------------

Java Threads: ( => current thread )

Other Threads:

=>0x09883400 (exited) JavaThread "Unknown thread" [_thread_in_vm, id=5943, stack(0xb77e7000,0xb7838000)]

VM state:not at safepoint (not fully initialized)

VM Mutex/Monitor currently owned by a thread: None

Dynamic libraries:
00110000-00117000 r-xp 00000000 08:05 2360132    /lib/tls/i686/cmov/librt-2.11.1.so
00117000-00118000 r--p 00006000 08:05 2360132    /lib/tls/i686/cmov/librt-2.11.1.so
00118000-00119000 rw-p 00007000 08:05 2360132    /lib/tls/i686/cmov/librt-2.11.1.so
00119000-00125000 r-xp 00000000 08:05 1057547    /usr/lib/jvm/java-6-openjdk/jre/lib/i386/libverify.so
00125000-00126000 r--p 0000b000 08:05 1057547    /usr/lib/jvm/java-6-openjdk/jre/lib/i386/libverify.so
00126000-00127000 rw-p 0000c000 08:05 1057547    /usr/lib/jvm/java-6-openjdk/jre/lib/i386/libverify.so
00128000-00143000 r-xp 00000000 08:05 2228249    /lib/ld-2.11.1.so
00143000-00144000 r--p 0001a000 08:05 2228249    /lib/ld-2.11.1.so
00144000-00145000 rw-p 0001b000 08:05 2228249    /lib/ld-2.11.1.so
00145000-00298000 r-xp 00000000 08:05 2360102    /lib/tls/i686/cmov/libc-2.11.1.so
00298000-00299000 ---p 00153000 08:05 2360102    /lib/tls/i686/cmov/libc-2.11.1.so
00299000-0029b000 r--p 00153000 08:05 2360102    /lib/tls/i686/cmov/libc-2.11.1.so
0029b000-0029c000 rw-p 00155000 08:05 2360102    /lib/tls/i686/cmov/libc-2.11.1.so
0029c000-0029f000 rw-p 00000000 00:00 0 
0029f000-002c3000 r-xp 00000000 08:05 2360110    /lib/tls/i686/cmov/libm-2.11.1.so
002c3000-002c4000 r--p 00023000 08:05 2360110    /lib/tls/i686/cmov/libm-2.11.1.so
002c4000-002c5000 rw-p 00024000 08:05 2360110    /lib/tls/i686/cmov/libm-2.11.1.so
002c5000-002d8000 r-xp 00000000 08:05 2360113    /lib/tls/i686/cmov/libnsl-2.11.1.so
002d8000-002d9000 r--p 00012000 08:05 2360113    /lib/tls/i686/cmov/libnsl-2.11.1.so
002d9000-002da000 rw-p 00013000 08:05 2360113    /lib/tls/i686/cmov/libnsl-2.11.1.so
002da000-002dc000 rw-p 00000000 00:00 0 
002dc000-002e2000 r-xp 00000000 08:05 2360115    /lib/tls/i686/cmov/libnss_compat-2.11.1.so
002e2000-002e3000 r--p 00006000 08:05 2360115    /lib/tls/i686/cmov/libnss_compat-2.11.1.so
002e3000-002e4000 rw-p 00007000 08:05 2360115    /lib/tls/i686/cmov/libnss_compat-2.11.1.so
002e4000-002ec000 r-xp 00000000 08:05 2360123    /lib/tls/i686/cmov/libnss_nis-2.11.1.so
002ec000-002ed000 r--p 00007000 08:05 2360123    /lib/tls/i686/cmov/libnss_nis-2.11.1.so
002ed000-002ee000 rw-p 00008000 08:05 2360123    /lib/tls/i686/cmov/libnss_nis-2.11.1.so
0051a000-00521000 r-xp 00000000 08:05 1057550    /usr/lib/jvm/java-6-openjdk/jre/lib/i386/native_threads/libhpi.so
00521000-00522000 r--p 00006000 08:05 1057550    /usr/lib/jvm/java-6-openjdk/jre/lib/i386/native_threads/libhpi.so
00522000-00523000 rw-p 00007000 08:05 1057550    /usr/lib/jvm/java-6-openjdk/jre/lib/i386/native_threads/libhpi.so
0054b000-0056f000 r-xp 00000000 08:05 1057531    /usr/lib/jvm/java-6-openjdk/jre/lib/i386/libjava.so
0056f000-00570000 r--p 00023000 08:05 1057531    /usr/lib/jvm/java-6-openjdk/jre/lib/i386/libjava.so
00570000-00572000 rw-p 00024000 08:05 1057531    /usr/lib/jvm/java-6-openjdk/jre/lib/i386/libjava.so
00587000-0058e000 r-xp 00000000 08:05 1057548    /usr/lib/jvm/java-6-openjdk/jre/lib/i386/libzip.so
0058e000-0058f000 r--p 00006000 08:05 1057548    /usr/lib/jvm/java-6-openjdk/jre/lib/i386/libzip.so
0058f000-00590000 rw-p 00007000 08:05 1057548    /usr/lib/jvm/java-6-openjdk/jre/lib/i386/libzip.so
005b6000-005b8000 r-xp 00000000 08:05 2360108    /lib/tls/i686/cmov/libdl-2.11.1.so
005b8000-005b9000 r--p 00001000 08:05 2360108    /lib/tls/i686/cmov/libdl-2.11.1.so
005b9000-005ba000 rw-p 00002000 08:05 2360108    /lib/tls/i686/cmov/libdl-2.11.1.so
006a5000-006a6000 r-xp 00000000 00:00 0          [vdso]
008a0000-008aa000 r-xp 00000000 08:05 2360119    /lib/tls/i686/cmov/libnss_files-2.11.1.so
008aa000-008ab000 r--p 00009000 08:05 2360119    /lib/tls/i686/cmov/libnss_files-2.11.1.so
008ab000-008ac000 rw-p 0000a000 08:05 2360119    /lib/tls/i686/cmov/libnss_files-2.11.1.so
00af0000-00b05000 r-xp 00000000 08:05 2360128    /lib/tls/i686/cmov/libpthread-2.11.1.so
00b05000-00b06000 r--p 00014000 08:05 2360128    /lib/tls/i686/cmov/libpthread-2.11.1.so
00b06000-00b07000 rw-p 00015000 08:05 2360128    /lib/tls/i686/cmov/libpthread-2.11.1.so
00b07000-00b09000 rw-p 00000000 00:00 0 
00ca4000-00ca7000 r-xp 00000000 08:05 1057519    /usr/lib/jvm/java-6-openjdk/jre/lib/i386/jli/libjli.so
00ca7000-00ca8000 r--p 00003000 08:05 1057519    /usr/lib/jvm/java-6-openjdk/jre/lib/i386/jli/libjli.so
00ca8000-00ca9000 rw-p 00004000 08:05 1057519    /usr/lib/jvm/java-6-openjdk/jre/lib/i386/jli/libjli.so
00d87000-00d9a000 r-xp 00000000 08:05 2228422    /lib/libz.so.1.2.3.3
00d9a000-00d9b000 r--p 00012000 08:05 2228422    /lib/libz.so.1.2.3.3
00d9b000-00d9c000 rw-p 00013000 08:05 2228422    /lib/libz.so.1.2.3.3
00d9c000-01461000 r-xp 00000000 08:05 1057552    /usr/lib/jvm/java-6-openjdk/jre/lib/i386/server/libjvm.so
01461000-01462000 ---p 006c5000 08:05 1057552    /usr/lib/jvm/java-6-openjdk/jre/lib/i386/server/libjvm.so
01462000-014a7000 r--p 006c5000 08:05 1057552    /usr/lib/jvm/java-6-openjdk/jre/lib/i386/server/libjvm.so
014a7000-014b6000 rw-p 0070a000 08:05 1057552    /usr/lib/jvm/java-6-openjdk/jre/lib/i386/server/libjvm.so
014b6000-018d5000 rw-p 00000000 00:00 0 
08048000-08051000 r-xp 00000000 08:05 1057579    /usr/lib/jvm/java-6-openjdk/jre/bin/java
08051000-08052000 r--p 00008000 08:05 1057579    /usr/lib/jvm/java-6-openjdk/jre/bin/java
08052000-08053000 rw-p 00009000 08:05 1057579    /usr/lib/jvm/java-6-openjdk/jre/bin/java
0987d000-0989e000 rw-p 00000000 00:00 0          [heap]
7ec9b000-7ed00000 r--s 004cb000 08:05 2634571    /home/faizan/Documents/android-sdk-linux_x86_zee/platforms/android-8/android.jar
7ed00000-7ed44000 rw-p 00000000 00:00 0 
7ed44000-7ee00000 ---p 00000000 00:00 0 
7ee3f000-7ee40000 ---p 00000000 00:00 0 
7ee40000-7eec0000 rw-p 00000000 00:00 0 
7eec0000-7eec1000 ---p 00000000 00:00 0 
7eec1000-7ef41000 rw-p 00000000 00:00 0 
7ef41000-7ef42000 ---p 00000000 00:00 0 
7ef42000-7efc2000 rw-p 00000000 00:00 0 
7efc2000-7efc3000 ---p 00000000 00:00 0 
7efc3000-7f04b000 rw-p 00000000 00:00 0 
7f04b000-7f083000 rw-p 00000000 00:00 0 
7f083000-7f093000 rw-p 00000000 00:00 0 
7f093000-7f175000 rw-p 00000000 00:00 0 
7f175000-7f17d000 rw-p 00000000 00:00 0 
7f17d000-7f1b5000 rw-p 00000000 00:00 0 
7f1b5000-7f1c5000 rw-p 00000000 00:00 0 
7f1c5000-7f2a6000 rw-p 00000000 00:00 0 
7f2a6000-7f2ae000 rw-p 00000000 00:00 0 
7f2ae000-7f31f000 rw-p 00000000 00:00 0 
7f31f000-80320000 rw-p 00000000 00:00 0 
80320000-87320000 rw-p 00000000 00:00 0 
87320000-89140000 rw-p 00000000 00:00 0 
89140000-a55d0000 rw-p 00000000 00:00 0 
a55d0000-a64e0000 rw-p 00000000 00:00 0 
a64e0000-b4720000 rw-p 00000000 00:00 0 
b4727000-b4730000 rw-p 00000000 00:00 0 
b4730000-b47e7000 rw-p 00000000 00:00 0 
b47e7000-b4a27000 rwxp 00000000 00:00 0 
b4a27000-b77e7000 rw-p 00000000 00:00 0 
b77e7000-b77ea000 ---p 00000000 00:00 0 
b77ea000-b783b000 rw-p 00000000 00:00 0 
b7841000-b7849000 rw-s 00000000 08:05 786513     /tmp/hsperfdata_faizan/5938
b7849000-b784a000 rw-p 00000000 00:00 0 
b784a000-b784b000 r--p 00000000 00:00 0 
b784b000-b784d000 rw-p 00000000 00:00 0 
bfe1b000-bfe30000 rw-p 00000000 00:00 0          [stack]

VM Arguments:
jvm_args: -Dfile.encoding=UTF-8 -Xbootclasspath:/home/faizan/Documents/android-sdk-linux_x86_zee/platforms/android-8/android.jar 
java_command: net.practice.dropbox.DropAuth
Launcher Type: SUN_STANDARD

Environment Variables:
PATH=/usr/local/sbin:/usr/local/bin:/usr/sbin:/usr/bin:/sbin:/bin:/usr/games
USERNAME=faizan
LD_LIBRARY_PATH=/usr/lib/jvm/java-6-openjdk/jre/lib/i386/server:/usr/lib/jvm/java-6-openjdk/jre/lib/i386:/usr/lib/jvm/java-6-openjdk/jre/../lib/i386:/usr/lib/jvm/java-6-openjdk/jre/lib/i386/client:/usr/lib/jvm/java-6-openjdk/jre/lib/i386:/usr/lib/xulrunner-1.9.2.20:/usr/lib/xulrunner-1.9.2.20
SHELL=/bin/bash
DISPLAY=:0.0

Signal Handlers:
SIGSEGV: [libjvm.so+0x649f80], sa_mask[0]=0x7ffbfeff, sa_flags=0x10000004
SIGBUS: [libjvm.so+0x649f80], sa_mask[0]=0x7ffbfeff, sa_flags=0x10000004
SIGFPE: [libjvm.so+0x51c010], sa_mask[0]=0x7ffbfeff, sa_flags=0x10000004
SIGPIPE: [libjvm.so+0x51c010], sa_mask[0]=0x7ffbfeff, sa_flags=0x10000004
SIGXFSZ: [libjvm.so+0x51c010], sa_mask[0]=0x7ffbfeff, sa_flags=0x10000004
SIGILL: [libjvm.so+0x51c010], sa_mask[0]=0x7ffbfeff, sa_flags=0x10000004
SIGUSR1: SIG_DFL, sa_mask[0]=0x00000000, sa_flags=0x00000000
SIGUSR2: [libjvm.so+0x51b6c0], sa_mask[0]=0x00000004, sa_flags=0x10000004
SIGHUP: SIG_DFL, sa_mask[0]=0x00000000, sa_flags=0x00000000
SIGINT: SIG_DFL, sa_mask[0]=0x00000000, sa_flags=0x00000000
SIGTERM: SIG_DFL, sa_mask[0]=0x00000000, sa_flags=0x00000000
SIGQUIT: SIG_DFL, sa_mask[0]=0x00000000, sa_flags=0x00000000


---------------  S Y S T E M  ---------------

OS:Ubuntu 10.04 (lucid)
uname:Linux 2.6.32-33-generic #70-Ubuntu SMP Thu Jul 7 21:09:46 UTC 2011 i686
libc:glibc 2.11.1 NPTL 2.11.1 
rlimit: STACK 8192k, CORE 0k, NPROC infinity, NOFILE 1024, AS infinity
load average:0.72 0.82 0.77

/proc/meminfo:
MemTotal:        2958296 kB
MemFree:         1214280 kB
Buffers:           63332 kB
Cached:          1000480 kB
SwapCached:            0 kB
Active:          1090660 kB
Inactive:         558184 kB
Active(anon):     630364 kB
Inactive(anon):    98200 kB
Active(file):     460296 kB
Inactive(file):   459984 kB
Unevictable:           0 kB
Mlocked:               0 kB
HighTotal:       2096084 kB
HighFree:         490852 kB
LowTotal:         862212 kB
LowFree:          723428 kB
SwapTotal:       6185976 kB
SwapFree:        6185976 kB
Dirty:               192 kB
Writeback:             0 kB
AnonPages:        584988 kB
Mapped:           143496 kB
Shmem:            143536 kB
Slab:              41756 kB
SReclaimable:      27592 kB
SUnreclaim:        14164 kB
KernelStack:        2952 kB
PageTables:         8708 kB
NFS_Unstable:          0 kB
Bounce:                0 kB
WritebackTmp:          0 kB
CommitLimit:     7665124 kB
Committed_AS:    2377568 kB
VmallocTotal:     122880 kB
VmallocUsed:       36792 kB
VmallocChunk:      49712 kB
HardwareCorrupted:     0 kB
HugePages_Total:       0
HugePages_Free:        0
HugePages_Rsvd:        0
HugePages_Surp:        0
Hugepagesize:       4096 kB
DirectMap4k:       16376 kB
DirectMap4M:      892928 kB


CPU:total 4 (2 cores per cpu, 2 threads per core) family 6 model 37 stepping 2, cmov, cx8, fxsr, mmx, sse, sse2, sse3, ssse3, sse4.1, sse4.2, popcnt, ht

Memory: 4k page, physical 2958296k(1214280k free), swap 6185976k(6185976k free)

vm_info: OpenJDK Server VM (19.0-b09) for linux-x86 JRE (1.6.0_20-b20), built on Jul 22 2011 02:03:35 by "buildd" with gcc 4.4.3

time: Wed Sep 28 16:52:25 2011
elapsed time: 0 seconds

